

Starting up. 00:58.16
---------------------


Starting up. 01:12.31
---------------------
[02:06:50]ATTACK: <font color='red'>John Mitchell (zonr0) attacked Pun Pun () with shard (INTENT: HARM) (DAMTYE: BRUTE)</font>
[02:06:51]ATTACK: <font color='red'>John Mitchell (zonr0) attacked Pun Pun () with shard (INTENT: HARM) (DAMTYE: BRUTE)</font>
[02:06:54]ATTACK: <font color='red'>John Mitchell (zonr0) attacked Pun Pun () with shard (INTENT: HARM) (DAMTYE: BRUTE)</font>
[02:06:59]ATTACK: <font color='red'>John Mitchell (zonr0) attacked Pun Pun () with shard (INTENT: HARM) (DAMTYE: BRUTE)</font>
[02:07:01]ATTACK: <font color='red'>John Mitchell (zonr0) attacked Pun Pun () with shard (INTENT: HARM) (DAMTYE: BRUTE)</font>
[02:07:02]ATTACK: <font color='red'>John Mitchell (zonr0) attacked Pun Pun () with shard (INTENT: HARM) (DAMTYE: BRUTE)</font>
[02:07:03]ATTACK: <font color='red'>John Mitchell (zonr0) attacked Pun Pun () with shard (INTENT: HARM) (DAMTYE: BRUTE)</font>
[02:07:08]ATTACK: <font color='red'>John Mitchell (zonr0) attacked Pun Pun () with shard (INTENT: HARM) (DAMTYE: BRUTE)</font>
[02:07:09]ATTACK: <font color='red'>John Mitchell (zonr0) attacked Pun Pun () with shard (INTENT: HARM) (DAMTYE: BRUTE)</font>


Starting up. 15:58.45
---------------------


Starting up. 16:46.01
---------------------


Starting up. 21:04.42
---------------------
[21:28:13]ATTACK: <font color='red'>John Mitchell (zonr0) disarmed Khloe Caldwell (tanka)</font>
[21:29:01]ATTACK: <font color='red'>John Mitchell (zonr0) disarmed Khloe Caldwell (tanka)</font>
[21:29:30]ATTACK: <font color='red'>John Mitchell (zonr0) punched Khloe Caldwell (tanka)</font>
[21:30:04]ATTACK: <font color='red'>John Mitchell (zonr0) fed Khloe Caldwell (tanka) with Bicaridine pill (INTENT: HELP)</font>


Starting up. 21:37.09
---------------------
[21:44:51]ATTACK: <font color='red'>Mog (requimog) attacked Mog (requimog) with white shoes (INTENT: HELP) (DAMTYE: BRUTE)</font>
[21:44:54]ATTACK: <font color='red'>Mog (requimog) attacked Mog (requimog) with white shoes (INTENT: HELP) (DAMTYE: BRUTE)</font>
[21:45:04]ATTACK: <font color='red'>Mog (requimog) attacked Mog (requimog) with white shoes (INTENT: HELP) (DAMTYE: BRUTE)</font>
[21:49:08]ATTACK: <font color='red'>Mog (requimog) Used the flash to flash Mog (requimog)</font>
[21:54:12]ATTACK: <font color='red'>Mog (requimog) attacked Mog (requimog) with white shoes (INTENT: HELP) (DAMTYE: BRUTE)</font>
[21:54:12]ATTACK: <font color='red'>UNKNOWN shot John Mitchell (zonr0) with a the electrode</font>
[21:54:12]ATTACK: <font color='red'>UNKNOWN shot John Mitchell (zonr0) with a the electrode</font>
[21:54:33]ATTACK: <font color='red'>UNKNOWN shot John Mitchell (zonr0) with a the electrode</font>
[21:54:33]ATTACK: <font color='red'>UNKNOWN shot John Mitchell (zonr0) with a the electrode</font>
[21:54:55]ATTACK: <font color='red'>UNKNOWN shot John Mitchell (zonr0) with a the electrode</font>
[21:54:55]ATTACK: <font color='red'>UNKNOWN shot John Mitchell (zonr0) with a the electrode</font>
[21:55:16]ATTACK: <font color='red'>UNKNOWN shot John Mitchell (zonr0) with a the electrode</font>
[21:55:37]ATTACK: <font color='red'>UNKNOWN shot John Mitchell (zonr0) with a the electrode</font>
[21:55:37]ATTACK: <font color='red'>UNKNOWN shot John Mitchell (zonr0) with a the electrode</font>
[21:55:49]ATTACK: <font color='red'>UNKNOWN shot John Mitchell (zonr0) with a the electrode</font>
[21:55:49]ATTACK: <font color='red'>UNKNOWN shot John Mitchell (zonr0) with a the electrode</font>
[21:56:10]ATTACK: <font color='red'>UNKNOWN shot John Mitchell (zonr0) with a the electrode</font>
[21:56:10]ATTACK: <font color='red'>UNKNOWN shot John Mitchell (zonr0) with a the electrode</font>
[21:56:31]ATTACK: <font color='red'>UNKNOWN shot John Mitchell (zonr0) with a the electrode</font>
[21:56:31]ATTACK: <font color='red'>UNKNOWN shot John Mitchell (zonr0) with a the electrode</font>
[21:56:53]ATTACK: <font color='red'>UNKNOWN shot John Mitchell (zonr0) with a the electrode</font>
[21:56:53]ATTACK: <font color='red'>UNKNOWN shot John Mitchell (zonr0) with a the electrode</font>
[21:57:14]ATTACK: <font color='red'>UNKNOWN shot John Mitchell (zonr0) with a the electrode</font>
[21:57:14]ATTACK: <font color='red'>UNKNOWN shot John Mitchell (zonr0) with a the electrode</font>
[22:00:33]ATTACK: <font color='red'>Kyle Lancaster (gunsight1) punched Freyja (tanka)</font>
[22:01:08]ATTACK: <font color='red'>Freyja (tanka) disarmed Kyle Lancaster (gunsight1)</font>
[22:01:10]ATTACK: <font color='red'>Freyja (tanka) disarmed Kyle Lancaster (gunsight1)</font>
[22:01:14]ATTACK: <font color='red'>Kyle Lancaster (gunsight1) disarmed Freyja (tanka)</font>
[22:01:16]ATTACK: <font color='red'>Freyja (tanka) punched Kyle Lancaster (gunsight1)</font>
[22:01:17]ATTACK: <font color='red'>Freyja (tanka) punched Kyle Lancaster (gunsight1)</font>
[22:01:18]ATTACK: <font color='red'>Kyle Lancaster (gunsight1) disarmed Freyja (tanka)</font>
[22:03:24]ATTACK: <font color='red'>Kyle Lancaster (gunsight1) attacked Freyja (tanka) with laser gun (INTENT: DISARM) (DAMTYE: BRUTE)</font>
[22:03:32]ATTACK: <font color='red'>Kyle Lancaster (gunsight1) shot Freyja (tanka) with a the laser</font>
[22:05:37]ATTACK: <font color='red'>Mog (requimog) attacked Mog (requimog) with grey jumpsuit (INTENT: HELP) (DAMTYE: BRUTE)</font>
[22:14:43]ATTACK: <font color='red'>John Mitchell (zonr0) disarmed Kyle Lancaster (gunsight1)</font>
[22:14:45]ATTACK: <font color='red'>John Mitchell (zonr0) disarmed Kyle Lancaster (gunsight1)</font>
[22:21:29]ATTACK: <font color='red'>John Mitchell (zonr0) disarmed Kyle Lancaster (gunsight1)</font>
[22:21:30]ATTACK: <font color='red'>John Mitchell (zonr0) disarmed Kyle Lancaster (gunsight1)</font>
[22:21:31]ATTACK: <font color='red'>John Mitchell (zonr0) disarmed Kyle Lancaster (gunsight1)</font>
[22:21:33]ATTACK: <font color='red'>John Mitchell (zonr0) disarmed Kyle Lancaster (gunsight1)</font>
[22:21:34]ATTACK: <font color='red'>John Mitchell (zonr0) disarmed Kyle Lancaster (gunsight1)</font>
[22:21:40]ATTACK: <font color='red'>John Mitchell (zonr0) disarmed Kyle Lancaster (gunsight1)</font>
[22:28:57]ATTACK: <font color='red'>John Mitchell (zonr0) disarmed Kyle Lancaster (gunsight1)</font>
[22:28:59]ATTACK: <font color='red'>John Mitchell (zonr0) disarmed Kyle Lancaster (gunsight1)</font>
[22:29:00]ATTACK: <font color='red'>John Mitchell (zonr0) disarmed Kyle Lancaster (gunsight1)</font>
[22:30:23]ATTACK: <font color='red'>John Mitchell (zonr0) grabbed the neck of Kyle Lancaster (gunsight1)</font>


Starting up. 22:31.44
---------------------
[22:40:43]ATTACK: <font color='red'>Mog (requimog) attacked Mog (requimog) with welding tool (INTENT: HELP) (DAMTYE: FIRE)</font>
[22:41:59]ATTACK: <font color='red'>Freyja (tanka) attacked Freyja (tanka) with emergency oxygen tank (INTENT: HELP) (DAMTYE: BRUTE)</font>
[22:54:54]ATTACK: <font color='red'>Mog (requimog) Used the flash to flash Mog (requimog)</font>
[23:09:06]ATTACK: <font color='red'>John Mitchell (zonr0) fed Mog (requimog) with Imidazoline pill (INTENT: HELP)</font>
[23:09:50]ATTACK: <font color='red'>John Mitchell (zonr0) fed Mog (requimog) with Imidazoline pill (INTENT: HELP)</font>
[23:11:09]ATTACK: <font color='red'>Freyja (tanka) attacked Yamashiro Sakura (gunsight1) with stunbaton (INTENT: HARM) (DAMTYE: BRUTE)</font>
[23:11:09]ATTACK: <font color='red'>Freyja (tanka) stunned Yamashiro Sakura (gunsight1) with stunbaton</font>
[23:11:33]ATTACK: <font color='red'>Freyja (tanka) attacked Yamashiro Sakura (gunsight1) with stunbaton (INTENT: HARM) (DAMTYE: BRUTE)</font>
[23:11:33]ATTACK: <font color='red'>Freyja (tanka) stunned Yamashiro Sakura (gunsight1) with stunbaton</font>
[23:12:28]ATTACK: <font color='red'>Freyja (tanka) attacked Mog (requimog) with stunbaton (INTENT: HARM) (DAMTYE: BRUTE)</font>
[23:12:28]ATTACK: <font color='red'>Freyja (tanka) stunned Mog (requimog) with stunbaton</font>
[23:12:32]ATTACK: <font color='red'>Freyja (tanka) attacked Mog (requimog) with stunbaton (INTENT: HARM) (DAMTYE: BRUTE)</font>
[23:12:33]ATTACK: <font color='red'>Freyja (tanka) stunned Mog (requimog) with stunbaton</font>
[23:12:34]ATTACK: <font color='red'>Yamashiro Sakura (gunsight1) punched Freyja (tanka)</font>
[23:13:39]ATTACK: <font color='red'>Freyja (tanka) attacked Yamashiro Sakura (gunsight1) with stunbaton (INTENT: HARM) (DAMTYE: BRUTE)</font>
[23:14:27]ATTACK: <font color='red'>Freyja (tanka) Attempted to handcuff Mog (requimog)</font>


Starting up. 23:16.43
---------------------
[23:25:38]ATTACK: <font color='red'>Freyja (tanka) shot Urist McBubbleStone (zonr0) with a the electrode</font>
[23:25:40]ATTACK: <font color='red'>Freyja (tanka) shot Urist McBubbleStone (zonr0) with a the electrode</font>
[23:26:26]ATTACK: <font color='red'>Freyja (tanka) shot Urist McBubbleStone (zonr0) with a the electrode</font>
[23:26:39]ATTACK: <font color='red'>Freyja (tanka) Attempted to handcuff Urist McBubbleStone (zonr0)</font>
[23:27:55]ATTACK: <font color='red'>Freyja (tanka) attacked Urist McBubbleStone (zonr0) with taser gun (INTENT: HELP) (DAMTYE: BRUTE)</font>
[23:28:00]ATTACK: <font color='red'>Freyja (tanka) shot Urist McBubbleStone (zonr0) with a the electrode</font>
[23:28:53]ATTACK: <font color='red'>Freyja (tanka) stunned Urist McBubbleStone (zonr0) with stunbaton</font>
[23:31:07]ATTACK: <font color='red'>Yamashiro Sakura (gunsight1) attacked Yamashiro Sakura (gunsight1) with Captain's armor (INTENT: HELP) (DAMTYE: BRUTE)</font>
[23:32:22]ATTACK: <font color='red'>Mog (requimog) shot Urist McBubbleStone (zonr0) with a the electrode</font>
[23:33:32]ATTACK: <font color='red'>Mog (requimog) shot Pun Pun () with a the electrode</font>
[23:33:39]ATTACK: <font color='red'>Mog (requimog) shot Pun Pun () with a the laser</font>
[23:33:40]ATTACK: <font color='red'>Mog (requimog) shot Pun Pun () with a the laser</font>
[23:33:42]ATTACK: <font color='red'>Mog (requimog) shot Pun Pun () with a the laser</font>
[23:33:43]ATTACK: <font color='red'>Mog (requimog) shot Pun Pun () with a the laser</font>
[23:33:45]ATTACK: <font color='red'>Mog (requimog) shot Pun Pun () with a the laser</font>
[23:33:47]ATTACK: <font color='red'>Mog (requimog) shot Pun Pun () with a the laser</font>
[23:36:04]ATTACK: <font color='red'>Mog (requimog) shot the alien hunter (943) (agarre17664) with a the bullet</font>
[23:36:05]ATTACK: <font color='red'>Mog (requimog) shot the alien hunter (943) (agarre17664) with a the bullet</font>
[23:36:09]ATTACK: <font color='red'>Mog (requimog) shot the alien hunter (943) (agarre17664) with a the bullet</font>
[23:36:10]ATTACK: <font color='red'>Mog (requimog) shot the alien hunter (943) (agarre17664) with a the bullet</font>
[23:36:11]ATTACK: <font color='red'>Mog (requimog) shot the alien hunter (943) (agarre17664) with a the bullet</font>
[23:36:12]ATTACK: <font color='red'>Mog (requimog) shot the alien hunter (943) (agarre17664) with a the bullet</font>
[23:36:22]ATTACK: <font color='red'>Mog (requimog) attacked alien hunter (943) (agarre17664) with double-barreled shotgun (INTENT: HELP) (DAMTYE: BRUTE)</font>
[23:45:49]ATTACK: <font color='red'>Yamashiro Sakura (gunsight1) punched Yamashiro Sakura (gunsight1)</font>
[23:50:37]ATTACK: <font color='red'>Yamashiro Sakura (gunsight1) punched Yamashiro Sakura (gunsight1)</font>
[23:55:36]ATTACK: <font color='red'>Mog (requimog) shot the alien hunter (943) (agarre17664) with a the laser</font>
[23:55:36]ATTACK: <font color='red'>Mog (requimog) shot the alien hunter (943) (agarre17664) with a the laser</font>
[23:55:37]ATTACK: <font color='red'>Mog (requimog) shot the alien hunter (943) (agarre17664) with a the laser</font>
[23:55:37]ATTACK: <font color='red'>Mog (requimog) shot the alien hunter (943) (agarre17664) with a the laser</font>


Starting up. 23:55.53
---------------------
[00:00:02]ATTACK: <font color='red'>Freyja (tanka) attacked Ira Ramirez (agarre17664) with energy gun (INTENT: HELP) (DAMTYE: BRUTE)</font>
[00:00:04]ATTACK: <font color='red'>Freyja (tanka) attacked Ira Ramirez (agarre17664) with energy gun (INTENT: HELP) (DAMTYE: BRUTE)</font>
[00:07:28]ATTACK: <font color='red'>Yamashiro Sakura (gunsight1) attacked Freyja (tanka) with energy gun (INTENT: HELP) (DAMTYE: BRUTE)</font>
[00:07:29]ATTACK: <font color='red'>Yamashiro Sakura (gunsight1) shot Freyja (tanka) with a the electrode</font>
[00:28:24]ATTACK: <font color='red'>Freyja (tanka) attacked Freyja (tanka) with energy gun (INTENT: HELP) (DAMTYE: BRUTE)</font>
[00:28:32]ATTACK: <font color='red'>Mog (requimog) shot the alien queen (agarre17664) with a the laser</font>
[00:28:33]ATTACK: <font color='red'>Mog (requimog) shot the alien queen (agarre17664) with a the laser</font>
[00:28:34]ATTACK: <font color='red'>Mog (requimog) shot the alien queen (agarre17664) with a the laser</font>
[00:28:35]ATTACK: <font color='red'>Mog (requimog) shot the alien queen (agarre17664) with a the laser</font>
[00:28:36]ATTACK: <font color='red'>Mog (requimog) shot the alien queen (agarre17664) with a the laser</font>
[00:28:43]ATTACK: <font color='red'>Mog (requimog) shot the alien queen (agarre17664) with a the laser</font>
[00:29:19]ATTACK: <font color='red'>Jim Hennessey (grumpsmcgurt) shot the alien queen (agarre17664) with a the electrode</font>
[00:29:22]ATTACK: <font color='red'>Jim Hennessey (grumpsmcgurt) shot the alien queen (agarre17664) with a the electrode</font>
[00:29:22]ATTACK: <font color='red'>Jim Hennessey (grumpsmcgurt) shot the alien queen (agarre17664) with a the electrode</font>
[00:29:23]ATTACK: <font color='red'>Jim Hennessey (grumpsmcgurt) shot the alien queen (agarre17664) with a the electrode</font>
[00:29:24]ATTACK: <font color='red'>Jim Hennessey (grumpsmcgurt) shot the alien queen (agarre17664) with a the electrode</font>
[00:29:28]ATTACK: <font color='red'>Mog (requimog) shot the alien queen (agarre17664) with a syringegun (toxin (5),)</font>
[00:29:34]ATTACK: <font color='red'>alien queen (agarre17664) was hit by the flashbang, last touched by Jim Hennessey (grumpsmcgurt)</font>
[00:29:57]ATTACK: <font color='red'>Jim Hennessey (grumpsmcgurt) attacked alien queen (agarre17664) with stunbaton (INTENT: HARM) (DAMTYE: BRUTE)</font>
[00:29:57]ATTACK: <font color='red'>Jim Hennessey (grumpsmcgurt) stunned alien queen (agarre17664) with stunbaton</font>
[00:29:58]ATTACK: <font color='red'>Jim Hennessey (grumpsmcgurt) attacked alien queen (agarre17664) with stunbaton (INTENT: HARM) (DAMTYE: BRUTE)</font>
[00:29:58]ATTACK: <font color='red'>Jim Hennessey (grumpsmcgurt) stunned alien queen (agarre17664) with stunbaton</font>
[00:30:13]ATTACK: <font color='red'>Jim Hennessey (grumpsmcgurt) attacked Jim Hennessey (grumpsmcgurt) with stunbaton (INTENT: HARM) (DAMTYE: BRUTE)</font>
[00:30:13]ATTACK: <font color='red'>Jim Hennessey (grumpsmcgurt) stunned Jim Hennessey (grumpsmcgurt) with stunbaton</font>
[00:35:19]ATTACK: <font color='red'>Freyja (tanka) attacked Freyja (tanka) with energy gun (INTENT: HELP) (DAMTYE: BRUTE)</font>
[00:46:46]ATTACK: <font color='red'>Mog (requimog) attacked Mog (requimog) with welding tool (INTENT: HELP) (DAMTYE: FIRE)</font>
[00:54:20]ATTACK: <font color='red'>Yamashiro Sakura (gunsight1) attacked Yamashiro Sakura (gunsight1) with donut box (INTENT: HELP) (DAMTYE: BRUTE)</font>
[00:56:06]ATTACK: <font color='red'>Yamashiro Sakura (gunsight1) attacked Yamashiro Sakura (gunsight1) with donut box (INTENT: HELP) (DAMTYE: BRUTE)</font>
[01:00:36]ATTACK: <font color='red'>UNKNOWN shot Pun Pun () with a the neuro</font>
[01:00:48]ATTACK: <font color='red'>UNKNOWN shot Pun Pun () with a the neuro</font>
[01:02:23]ATTACK: <font color='red'>UNKNOWN shot Pun Pun () with a the neuro</font>
[01:02:38]ATTACK: <font color='red'>Mog (requimog) attacked Mog (requimog) with donut box (INTENT: HELP) (DAMTYE: BRUTE)</font>
