

Starting up. 01:06.00
---------------------
[01:08:25]ATTACK: <font color='red'>Mog (requimog) used the rolling pin to attack Pun Pun ()</font>
[01:08:27]ATTACK: <font color='red'>Mog (requimog) used the rolling pin to attack Pun Pun ()</font>
[01:15:02]ATTACK: <font color='red'>Frank West (centurion0507) attacked Frank West (centurion0507) with crowbar (INTENT: HELP) (DAMTYE: BRUTE)</font>
[01:16:00]ATTACK: <font color='red'>Jim Hennessey (grumpsmcgurt) attacked Mog (requimog) with mechanical toolbox (INTENT: HARM) (DAMTYE: BRUTE)</font>
[01:16:03]ATTACK: <font color='red'>Jim Hennessey (grumpsmcgurt) attacked Mog (requimog) with mechanical toolbox (INTENT: HARM) (DAMTYE: BRUTE)</font>
[01:20:51]ATTACK: <font color='red'>Frank West (centurion0507) attacked Frank West (centurion0507) with electrical toolbox (INTENT: HELP) (DAMTYE: BRUTE)</font>
[01:23:22]ATTACK: <font color='red'>Frank West (centurion0507) attacked Frank West (centurion0507) with crowbar (INTENT: HELP) (DAMTYE: BRUTE)</font>
[01:26:37]ATTACK: <font color='red'>Jim Hennessey (grumpsmcgurt) attacked Frank West (centurion0507) with electrical toolbox (INTENT: HARM) (DAMTYE: BRUTE)</font>
[01:26:39]ATTACK: <font color='red'>Jim Hennessey (grumpsmcgurt) attacked Frank West (centurion0507) with electrical toolbox (INTENT: HARM) (DAMTYE: BRUTE)</font>
[01:26:41]ATTACK: <font color='red'>Jim Hennessey (grumpsmcgurt) attacked Frank West (centurion0507) with electrical toolbox (INTENT: HARM) (DAMTYE: BRUTE)</font>
[01:26:44]ATTACK: <font color='red'>Frank West (centurion0507) attacked Jim Hennessey (grumpsmcgurt) with crowbar (INTENT: HELP) (DAMTYE: BRUTE)</font>
[01:26:48]ATTACK: <font color='red'>Frank West (centurion0507) attacked Jim Hennessey (grumpsmcgurt) with crowbar (INTENT: HELP) (DAMTYE: BRUTE)</font>
[01:26:49]ATTACK: <font color='red'>Frank West (centurion0507) attacked Jim Hennessey (grumpsmcgurt) with crowbar (INTENT: HELP) (DAMTYE: BRUTE)</font>
[01:26:49]ATTACK: <font color='red'>Jim Hennessey (grumpsmcgurt) attacked Frank West (centurion0507) with electrical toolbox (INTENT: HARM) (DAMTYE: BRUTE)</font>
[01:26:50]ATTACK: <font color='red'>Frank West (centurion0507) attacked Jim Hennessey (grumpsmcgurt) with crowbar (INTENT: HELP) (DAMTYE: BRUTE)</font>
[01:26:50]ATTACK: <font color='red'>Jim Hennessey (grumpsmcgurt) attacked Frank West (centurion0507) with electrical toolbox (INTENT: HARM) (DAMTYE: BRUTE)</font>
[01:26:51]ATTACK: <font color='red'>Frank West (centurion0507) attacked Jim Hennessey (grumpsmcgurt) with crowbar (INTENT: HELP) (DAMTYE: BRUTE)</font>
[01:26:52]ATTACK: <font color='red'>Jim Hennessey (grumpsmcgurt) attacked Frank West (centurion0507) with electrical toolbox (INTENT: HARM) (DAMTYE: BRUTE)</font>
[01:26:53]ATTACK: <font color='red'>Frank West (centurion0507) attacked Jim Hennessey (grumpsmcgurt) with crowbar (INTENT: HELP) (DAMTYE: BRUTE)</font>
[01:26:54]ATTACK: <font color='red'>Frank West (centurion0507) attacked Jim Hennessey (grumpsmcgurt) with crowbar (INTENT: HELP) (DAMTYE: BRUTE)</font>
[01:26:55]ATTACK: <font color='red'>Frank West (centurion0507) attacked Jim Hennessey (grumpsmcgurt) with crowbar (INTENT: HELP) (DAMTYE: BRUTE)</font>
[01:26:55]ATTACK: <font color='red'>Jim Hennessey (grumpsmcgurt) attacked Frank West (centurion0507) with electrical toolbox (INTENT: HARM) (DAMTYE: BRUTE)</font>
[01:32:27]ATTACK: <font color='red'>Frank West (centurion0507) attacked Frank West (centurion0507) with crowbar (INTENT: HELP) (DAMTYE: BRUTE)</font>
[01:34:00]ATTACK: <font color='red'>Frank West (centurion0507) attacked Frank West (centurion0507) with firesuit (INTENT: HELP) (DAMTYE: BRUTE)</font>
[01:40:55]ATTACK: <font color='red'>Jim Hennessey (grumpsmcgurt) attacked Jim Hennessey (grumpsmcgurt) with wirecutters (INTENT: HARM) (DAMTYE: BRUTE)</font>


Starting up. 01:46.58
---------------------
[01:57:42]ATTACK: <font color='red'>John Mitchell (zonr0) attacked Mog (requimog) with Sandbox 1's ID Card (Learner) (INTENT: HELP) (DAMTYE: BRUTE)</font>
[01:58:12]ATTACK: <font color='red'>UNKNOWN shot Sandbox 1 (requimog) with a the electrode</font>
[01:58:12]ATTACK: <font color='red'>UNKNOWN shot Sandbox 1 (requimog) with a the electrode</font>
[01:58:34]ATTACK: <font color='red'>UNKNOWN shot Sandbox 1 (requimog) with a the electrode</font>
[01:58:55]ATTACK: <font color='red'>UNKNOWN shot Sandbox 1 (requimog) with a the electrode</font>
[01:58:55]ATTACK: <font color='red'>UNKNOWN shot Sandbox 1 (requimog) with a the electrode</font>
[01:59:16]ATTACK: <font color='red'>UNKNOWN shot Sandbox 1 (requimog) with a the electrode</font>
[01:59:16]ATTACK: <font color='red'>UNKNOWN shot Sandbox 1 (requimog) with a the electrode</font>
[01:59:37]ATTACK: <font color='red'>UNKNOWN shot Sandbox 1 (requimog) with a the electrode</font>
[01:59:37]ATTACK: <font color='red'>UNKNOWN shot Sandbox 1 (requimog) with a the electrode</font>
[01:59:59]ATTACK: <font color='red'>UNKNOWN shot Sandbox 1 (requimog) with a the electrode</font>
[01:59:59]ATTACK: <font color='red'>UNKNOWN shot Sandbox 1 (requimog) with a the electrode</font>
[02:00:20]ATTACK: <font color='red'>UNKNOWN shot Sandbox 1 (requimog) with a the electrode</font>
[02:00:20]ATTACK: <font color='red'>UNKNOWN shot Sandbox 1 (requimog) with a the electrode</font>
[02:00:41]ATTACK: <font color='red'>UNKNOWN shot Sandbox 1 (requimog) with a the electrode</font>
[02:00:41]ATTACK: <font color='red'>UNKNOWN shot Sandbox 1 (requimog) with a the electrode</font>
[02:01:03]ATTACK: <font color='red'>UNKNOWN shot Sandbox 1 (requimog) with a the electrode</font>
[02:01:03]ATTACK: <font color='red'>UNKNOWN shot Sandbox 1 (requimog) with a the electrode</font>
[02:06:45]ATTACK: <font color='red'>Sandbox 1 (requimog) implanted Sandbox 1 (requimog) with implanter-exile (INTENT: HELP)</font>
[02:10:20]ATTACK: <font color='red'>UNKNOWN shot Jim Hennessey (grumpsmcgurt) with a the emitter beam</font>
[02:36:17]ATTACK: <font color='red'>Ira Ramirez (agarre17664) attacked monkey (requimog) with circular saw (INTENT: GRAB) (DAMTYE: BRUTE)</font>
[02:36:19]ATTACK: <font color='red'>Ira Ramirez (agarre17664) attacked monkey (requimog) with scalpel (INTENT: GRAB) (DAMTYE: BRUTE)</font>
[02:36:21]ATTACK: <font color='red'>Ira Ramirez (agarre17664) attacked monkey (requimog) with circular saw (INTENT: GRAB) (DAMTYE: BRUTE)</font>
[02:36:30]ATTACK: <font color='red'>Ira Ramirez (agarre17664) attacked monkey (requimog) with scalpel (INTENT: HELP) (DAMTYE: BRUTE)</font>
[02:36:34]ATTACK: <font color='red'>Ira Ramirez (agarre17664) attacked monkey (requimog) with scalpel (INTENT: HELP) (DAMTYE: BRUTE)</font>
[02:36:40]ATTACK: <font color='red'>Ira Ramirez (agarre17664) attacked monkey (requimog) with circular saw (INTENT: HELP) (DAMTYE: BRUTE)</font>
[02:36:52]ATTACK: <font color='red'>Ira Ramirez (agarre17664) attacked monkey (requimog) with circular saw (INTENT: DISARM) (DAMTYE: BRUTE)</font>
[02:37:20]ATTACK: <font color='red'>Ira Ramirez (agarre17664) attacked monkey (requimog) with scalpel (INTENT: DISARM) (DAMTYE: BRUTE)</font>
[02:37:26]ATTACK: <font color='red'>Ira Ramirez (agarre17664) attacked monkey (requimog) with circular saw (INTENT: DISARM) (DAMTYE: BRUTE)</font>
[02:39:30]ATTACK: <font color='red'>Ira Ramirez (agarre17664) attacked monkey (requimog) with circular saw (INTENT: DISARM) (DAMTYE: BRUTE)</font>
[02:39:39]ATTACK: <font color='red'>Ira Ramirez (agarre17664) attacked monkey (requimog) with scalpel (INTENT: HARM) (DAMTYE: BRUTE)</font>
[02:39:58]ATTACK: <font color='red'>Ira Ramirez (agarre17664) attacked monkey (requimog) with scalpel (INTENT: HARM) (DAMTYE: BRUTE)</font>
[02:39:59]ATTACK: <font color='red'>Ira Ramirez (agarre17664) attacked monkey (requimog) with scalpel (INTENT: HARM) (DAMTYE: BRUTE)</font>
[02:40:00]ATTACK: <font color='red'>Ira Ramirez (agarre17664) attacked monkey (requimog) with scalpel (INTENT: HARM) (DAMTYE: BRUTE)</font>
[02:40:02]ATTACK: <font color='red'>Ira Ramirez (agarre17664) attacked monkey (requimog) with scalpel (INTENT: HARM) (DAMTYE: BRUTE)</font>
[02:40:03]ATTACK: <font color='red'>Ira Ramirez (agarre17664) attacked monkey (requimog) with scalpel (INTENT: HARM) (DAMTYE: BRUTE)</font>
[02:40:04]ATTACK: <font color='red'>Ira Ramirez (agarre17664) attacked monkey (requimog) with scalpel (INTENT: HARM) (DAMTYE: BRUTE)</font>
[02:40:08]ATTACK: <font color='red'>Ira Ramirez (agarre17664) attacked monkey (requimog) with circular saw (INTENT: HARM) (DAMTYE: BRUTE)</font>
[02:40:10]ATTACK: <font color='red'>Ira Ramirez (agarre17664) attacked monkey (requimog) with circular saw (INTENT: HARM) (DAMTYE: BRUTE)</font>
[02:40:11]ATTACK: <font color='red'>Ira Ramirez (agarre17664) attacked monkey (requimog) with circular saw (INTENT: HARM) (DAMTYE: BRUTE)</font>
[02:40:12]ATTACK: <font color='red'>Ira Ramirez (agarre17664) attacked monkey (requimog) with circular saw (INTENT: HARM) (DAMTYE: BRUTE)</font>
[02:40:13]ATTACK: <font color='red'>Ira Ramirez (agarre17664) attacked monkey (requimog) with circular saw (INTENT: HARM) (DAMTYE: BRUTE)</font>
[02:40:14]ATTACK: <font color='red'>Ira Ramirez (agarre17664) attacked monkey (requimog) with circular saw (INTENT: HARM) (DAMTYE: BRUTE)</font>
[02:40:15]ATTACK: <font color='red'>Ira Ramirez (agarre17664) attacked monkey (requimog) with circular saw (INTENT: HARM) (DAMTYE: BRUTE)</font>
[02:40:16]ATTACK: <font color='red'>Ira Ramirez (agarre17664) attacked monkey (requimog) with circular saw (INTENT: HARM) (DAMTYE: BRUTE)</font>
[02:40:17]ATTACK: <font color='red'>Ira Ramirez (agarre17664) attacked monkey (requimog) with circular saw (INTENT: HARM) (DAMTYE: BRUTE)</font>
[02:40:18]ATTACK: <font color='red'>Ira Ramirez (agarre17664) attacked monkey (requimog) with circular saw (INTENT: HARM) (DAMTYE: BRUTE)</font>


Starting up. 02:50.50
---------------------
[03:01:56]ATTACK: <font color='red'>Ira Ramirez (agarre17664) stunned Unknown (requimog) with stunbaton</font>
[03:02:04]ATTACK: <font color='red'>Ira Ramirez (agarre17664) Attempted to handcuff Unknown (requimog)</font>
[03:02:09]ATTACK: <font color='red'>Fian Vel Steyr (glassmirror) shot Ira Ramirez (agarre17664) with a the electrode</font>
[03:02:21]ATTACK: <font color='red'>Fian Vel Steyr (glassmirror) shot Ira Ramirez (agarre17664) with a the electrode</font>
[03:02:28]ATTACK: <font color='red'>Fian Vel Steyr (glassmirror) Attempted to handcuff Ira Ramirez (agarre17664)</font>
[03:19:45]ATTACK: <font color='red'>Mog (requimog) attacked John Mitchell (zonr0) with crowbar (INTENT: HELP) (DAMTYE: BRUTE)</font>
[03:19:47]ATTACK: <font color='red'>Mog (requimog) attacked John Mitchell (zonr0) with crowbar (INTENT: HELP) (DAMTYE: BRUTE)</font>
[03:19:48]ATTACK: <font color='red'>Mog (requimog) attacked John Mitchell (zonr0) with crowbar (INTENT: HELP) (DAMTYE: BRUTE)</font>
[03:19:49]ATTACK: <font color='red'>Mog (requimog) attacked John Mitchell (zonr0) with crowbar (INTENT: HELP) (DAMTYE: BRUTE)</font>
[03:19:51]ATTACK: <font color='red'>Mog (requimog) attacked John Mitchell (zonr0) with crowbar (INTENT: HELP) (DAMTYE: BRUTE)</font>
[03:19:52]ATTACK: <font color='red'>Mog (requimog) attacked John Mitchell (zonr0) with crowbar (INTENT: HELP) (DAMTYE: BRUTE)</font>
[03:19:53]ATTACK: <font color='red'>Mog (requimog) attacked John Mitchell (zonr0) with crowbar (INTENT: HELP) (DAMTYE: BRUTE)</font>
[03:19:54]ATTACK: <font color='red'>Mog (requimog) attacked John Mitchell (zonr0) with crowbar (INTENT: HELP) (DAMTYE: BRUTE)</font>
[03:19:55]ATTACK: <font color='red'>Mog (requimog) attacked John Mitchell (zonr0) with crowbar (INTENT: HELP) (DAMTYE: BRUTE)</font>
[03:19:56]ATTACK: <font color='red'>Mog (requimog) attacked John Mitchell (zonr0) with crowbar (INTENT: HELP) (DAMTYE: BRUTE)</font>
[03:19:58]ATTACK: <font color='red'>Mog (requimog) attacked John Mitchell (zonr0) with crowbar (INTENT: HELP) (DAMTYE: BRUTE)</font>
[03:19:59]ATTACK: <font color='red'>Mog (requimog) attacked John Mitchell (zonr0) with crowbar (INTENT: HELP) (DAMTYE: BRUTE)</font>
[03:20:00]ATTACK: <font color='red'>Mog (requimog) attacked John Mitchell (zonr0) with crowbar (INTENT: HELP) (DAMTYE: BRUTE)</font>
[03:20:01]ATTACK: <font color='red'>Mog (requimog) attacked John Mitchell (zonr0) with crowbar (INTENT: HELP) (DAMTYE: BRUTE)</font>
[03:20:02]ATTACK: <font color='red'>Mog (requimog) attacked John Mitchell (zonr0) with crowbar (INTENT: HELP) (DAMTYE: BRUTE)</font>
[03:20:03]ATTACK: <font color='red'>Mog (requimog) attacked John Mitchell (zonr0) with crowbar (INTENT: HELP) (DAMTYE: BRUTE)</font>
[03:30:21]ATTACK: <font color='red'>grey baby slime (636) () was hit by the stun revolver, last touched by Mog (requimog)</font>
[03:32:41]ATTACK: <font color='red'>John Mitchell (zonr0) shot Mog (requimog) with a the bullet</font>
[03:32:43]ATTACK: <font color='red'>John Mitchell (zonr0) shot Mog (requimog) with a the bullet</font>
[03:32:44]ATTACK: <font color='red'>John Mitchell (zonr0) shot Mog (requimog) with a the bullet</font>
[03:33:03]ATTACK: <font color='red'>John Mitchell (zonr0) shot Mog (requimog) with a the bullet</font>
[03:33:04]ATTACK: <font color='red'>John Mitchell (zonr0) shot Mog (requimog) with a the bullet</font>
[03:33:13]ATTACK: <font color='red'>John Mitchell (zonr0) shot Mog (requimog) with a the bullet</font>
[03:33:25]ATTACK: <font color='red'>John Mitchell (zonr0) shot Mog (requimog) with a the bullet</font>
[03:33:26]ATTACK: <font color='red'>John Mitchell (zonr0) shot Mog (requimog) with a the bullet</font>
[03:33:27]ATTACK: <font color='red'>John Mitchell (zonr0) shot Mog (requimog) with a the bullet</font>
[03:33:28]ATTACK: <font color='red'>John Mitchell (zonr0) shot Mog (requimog) with a the bullet</font>
[03:33:29]ATTACK: <font color='red'>John Mitchell (zonr0) shot Mog (requimog) with a the bullet</font>
[03:33:30]ATTACK: <font color='red'>John Mitchell (zonr0) shot Mog (requimog) with a the bullet</font>
[03:34:10]ATTACK: <font color='red'>John Mitchell (zonr0) shot Mog (requimog) with a the bullet</font>
[03:34:11]ATTACK: <font color='red'>John Mitchell (zonr0) shot Mog (requimog) with a the bullet</font>
[03:34:12]ATTACK: <font color='red'>John Mitchell (zonr0) shot Mog (requimog) with a the bullet</font>
[03:34:13]ATTACK: <font color='red'>John Mitchell (zonr0) shot Mog (requimog) with a the bullet</font>
[03:34:13]ATTACK: <font color='red'>John Mitchell (zonr0) shot Mog (requimog) with a the bullet</font>
[03:34:14]ATTACK: <font color='red'>John Mitchell (zonr0) shot Mog (requimog) with a the bullet</font>
[03:34:15]ATTACK: <font color='red'>John Mitchell (zonr0) shot Mog (requimog) with a the bullet</font>
[03:44:36]ATTACK: <font color='red'>Fian Vel Steyr (glassmirror) attacked John Mitchell (zonr0) with energy cutlass (INTENT: GRAB) (DAMTYE: BRUTE)</font>
[03:44:38]ATTACK: <font color='red'>Fian Vel Steyr (glassmirror) attacked John Mitchell (zonr0) with energy cutlass (INTENT: GRAB) (DAMTYE: BRUTE)</font>
[03:44:39]ATTACK: <font color='red'>Fian Vel Steyr (glassmirror) attacked John Mitchell (zonr0) with energy cutlass (INTENT: GRAB) (DAMTYE: BRUTE)</font>
[03:44:40]ATTACK: <font color='red'>Fian Vel Steyr (glassmirror) attacked John Mitchell (zonr0) with energy cutlass (INTENT: GRAB) (DAMTYE: BRUTE)</font>
[03:44:41]ATTACK: <font color='red'>Fian Vel Steyr (glassmirror) attacked John Mitchell (zonr0) with energy cutlass (INTENT: GRAB) (DAMTYE: BRUTE)</font>
[03:44:42]ATTACK: <font color='red'>Fian Vel Steyr (glassmirror) attacked John Mitchell (zonr0) with energy cutlass (INTENT: GRAB) (DAMTYE: BRUTE)</font>
[03:44:44]ATTACK: <font color='red'>Fian Vel Steyr (glassmirror) attacked John Mitchell (zonr0) with energy cutlass (INTENT: GRAB) (DAMTYE: BRUTE)</font>
[03:44:47]ATTACK: <font color='red'>Fian Vel Steyr (glassmirror) attacked John Mitchell (zonr0) with energy cutlass (INTENT: GRAB) (DAMTYE: BRUTE)</font>
[03:44:48]ATTACK: <font color='red'>Fian Vel Steyr (glassmirror) attacked John Mitchell (zonr0) with energy cutlass (INTENT: GRAB) (DAMTYE: BRUTE)</font>
[03:44:51]ATTACK: <font color='red'>Fian Vel Steyr (glassmirror) attacked John Mitchell (zonr0) with energy cutlass (INTENT: GRAB) (DAMTYE: BRUTE)</font>
[03:44:53]ATTACK: <font color='red'>Fian Vel Steyr (glassmirror) attacked John Mitchell (zonr0) with energy cutlass (INTENT: GRAB) (DAMTYE: BRUTE)</font>
[03:44:54]ATTACK: <font color='red'>Fian Vel Steyr (glassmirror) attacked John Mitchell (zonr0) with energy cutlass (INTENT: GRAB) (DAMTYE: BRUTE)</font>
[03:44:55]ATTACK: <font color='red'>Fian Vel Steyr (glassmirror) attacked John Mitchell (zonr0) with energy cutlass (INTENT: GRAB) (DAMTYE: BRUTE)</font>
[03:44:56]ATTACK: <font color='red'>Fian Vel Steyr (glassmirror) attacked John Mitchell (zonr0) with energy cutlass (INTENT: GRAB) (DAMTYE: BRUTE)</font>
[03:44:57]ATTACK: <font color='red'>Fian Vel Steyr (glassmirror) attacked John Mitchell (zonr0) with energy cutlass (INTENT: GRAB) (DAMTYE: BRUTE)</font>
[03:45:06]ATTACK: <font color='red'>Fian Vel Steyr (glassmirror) attacked John Mitchell (zonr0) with energy cutlass (INTENT: GRAB) (DAMTYE: BRUTE)</font>
[04:05:44]ATTACK: <font color='red'>Fian Vel Steyr (glassmirror) attacked Fian Vel Steyr (glassmirror) with mining satchel (INTENT: GRAB) (DAMTYE: BRUTE)</font>
[05:20:15]ATTACK: <font color='red'>Jim Hennessey (grumpsmcgurt) attacked Jim Hennessey (grumpsmcgurt) with welding tool (INTENT: HELP) (DAMTYE: FIRE)</font>


Starting up. 07:23.13
---------------------
[09:49:28]ATTACK: <font color='red'>Talbain (demonblooded) attacked Talbain (demonblooded) with mining satchel (INTENT: HELP) (DAMTYE: BRUTE)</font>
[12:38:12]ATTACK: <font color='red'>Talbain (demonblooded) attacked Talbain (demonblooded) with donut box (INTENT: HELP) (DAMTYE: BRUTE)</font>
