

Starting up. 03:42.33
---------------------
Adding game mode blob (blob) to configuration.
Adding game mode changeling (changeling) to configuration.
Adding game mode traitor+changeling (traitorchan) to configuration.
Adding game mode traitor (traitor) to configuration.
Adding game mode cult (cult) to configuration.
Adding game mode extended (extended) to configuration.
Adding game mode AI malfunction (malfunction) to configuration.
Adding game mode meteor (meteor) to configuration.
Adding game mode nuclear emergency (nuclear) to configuration.
Adding game mode revolution (revolution) to configuration.
Adding game mode sandbox (sandbox) to configuration.
Adding game mode wizard (wizard) to configuration.
Saved mode is 'extended'
[03:42:33]ADMIN: Loading Banlistjob
[03:42:33]ADMIN: Loading jobban_rank
[03:42:33]ADMIN: jobban_keylist was empty
[03:42:33]ADMIN: Loading appearance_rank
[03:42:33]ADMIN: appearance_keylist was empty
[03:42:33]ADMIN: Updating jobbanfile!
[03:42:33]ADMIN: Loading Banlist
[03:44:52]SAY: mouse/ : Squeek?
[03:46:39]SAY: mouse/ : SQUEEK!
[03:46:58]SAY: mouse/ : Squeek?
[03:49:26]ACCESS: Login: Zonr_0/(Zonr_0) from 127.0.0.1-3070003764 || BYOND v498
[03:49:34]ACCESS: Logout: *no key*/(Zonr_0)
[03:49:34]ACCESS: Login: Zonr_0/(John Mitchell) from 127.0.0.1-3070003764 || BYOND v498
[03:51:12]SAY: mouse/ : Squeek?
[03:52:10]SAY: mouse/ : SQUEEK!
[03:52:36]SAY: mouse/ : Squeek!
[03:52:43]SAY: mouse/ : Squeek?
[03:53:01]SAY: Ian/ : Bark!
[03:53:44]SAY: Ian/ : AUUUUUU
[03:54:22]SAY: mouse/ : Squeek?
[03:54:46]SAY: Poly/ : WHO TOOK THE DAMN HARDSUITS?
[03:55:34]SAY: mouse/ : Squeek!
[03:56:20]SAY: mouse/ : SQUEEK!
[03:56:41]SAY: Tom/ : SQUEEK!
[03:59:25]SAY: mouse/ : SQUEEK!
[03:59:59]SAY: mouse/ : SQUEEK!
[04:01:52]SAY: mouse/ : SQUEEK!
[04:08:02]SAY: Ian/ : Woof!
[04:09:21]SAY: mouse/ : Squeek!
[04:09:39]SAY: mouse/ : SQUEEK!
[04:10:00]SAY: Tom/ : SQUEEK!
[04:10:54]SAY: Runtime/ : HSSSSS
[04:13:54]ACCESS: Logout: Zonr_0[DC]/(John Mitchell)


Starting up. 07:12.20
---------------------
Adding game mode blob (blob) to configuration.
Adding game mode changeling (changeling) to configuration.
Adding game mode traitor+changeling (traitorchan) to configuration.
Adding game mode traitor (traitor) to configuration.
Adding game mode cult (cult) to configuration.
Adding game mode extended (extended) to configuration.
Adding game mode AI malfunction (malfunction) to configuration.
Adding game mode meteor (meteor) to configuration.
Adding game mode nuclear emergency (nuclear) to configuration.
Adding game mode revolution (revolution) to configuration.
Adding game mode sandbox (sandbox) to configuration.
Adding game mode wizard (wizard) to configuration.
Saved mode is 'extended'
[07:12:20]ADMIN: Loading Banlistjob
[07:12:20]ADMIN: Loading jobban_rank
[07:12:20]ADMIN: jobban_keylist was empty
[07:12:20]ADMIN: Loading appearance_rank
[07:12:20]ADMIN: appearance_keylist was empty
[07:12:20]ADMIN: Updating jobbanfile!
[07:12:20]ADMIN: Loading Banlist


Starting up. 07:18.12
---------------------
Adding game mode blob (blob) to configuration.
Adding game mode changeling (changeling) to configuration.
Adding game mode traitor+changeling (traitorchan) to configuration.
Adding game mode traitor (traitor) to configuration.
Adding game mode cult (cult) to configuration.
Adding game mode extended (extended) to configuration.
Adding game mode AI malfunction (malfunction) to configuration.
Adding game mode meteor (meteor) to configuration.
Adding game mode nuclear emergency (nuclear) to configuration.
Adding game mode revolution (revolution) to configuration.
Adding game mode sandbox (sandbox) to configuration.
Adding game mode wizard (wizard) to configuration.
Saved mode is 'extended'
[07:18:12]ADMIN: Loading Banlistjob
[07:18:12]ADMIN: Loading jobban_rank
[07:18:12]ADMIN: jobban_keylist was empty
[07:18:12]ADMIN: Loading appearance_rank
[07:18:12]ADMIN: appearance_keylist was empty
[07:18:12]ADMIN: Updating jobbanfile!
[07:18:12]ADMIN: Loading Banlist
[10:27:56]ACCESS: Login: Glassmirror/(Glassmirror) from 210.195.130.74-237290458 || BYOND v498
[10:28:56]ACCESS: Logout: *no key*/(Glassmirror)
[10:28:56]ACCESS: Login: Glassmirror/(Fian Vel Steyr) from 210.195.130.74-237290458 || BYOND v498
[10:29:07]SAY: mouse/ : Squeek!
[10:29:29]SAY: mouse/ : Squeek?
[10:29:48]SAY: Poly/ : WHO TOOK THE DAMN HARDSUITS?
[10:30:21]SAY: mouse/ : Squeek?
[10:33:17]SAY: Pete/ : eh?
[10:35:15]SAY: mouse/ : Squeek!
[10:36:16]GAME: PA Control Computer turned ON by glassmirror(Fian Vel Steyr) in (112,71,1)
[10:36:17]GAME: PA Control Computer increased to 1 by glassmirror(Fian Vel Steyr) in (112,71,1)
[10:36:18]GAME: PA Control Computer increased to 2 by glassmirror(Fian Vel Steyr) in (112,71,1)
[10:36:19]SAY: Poly/ : Wire the solars, you lazy bums!
[10:38:14]SAY: mouse/ : Squeek?
[10:39:32]SAY: mouse/ : Squeek!
[10:39:34]SAY: mouse/ : Squeek?
[10:41:36]SAY: mouse/ : Squeek!
[10:43:44]SAY: Tom/ : Squeek?
[10:44:53]SAY: mouse/ : Squeek!
[10:45:03]SAY: mouse/ : Squeek?
[10:46:22]GAME: Glassmirror/(Fian Vel Steyr) has called the shuttle.
[10:47:22]GAME: PA Control Computer increased to 1 by glassmirror(Fian Vel Steyr) in (112,71,1)
[10:47:23]GAME: PA Control Computer increased to 2 by glassmirror(Fian Vel Steyr) in (112,71,1)
[10:49:20]SAY: mouse/ : SQUEEK!
[10:51:45]EMOTE: Fian Vel Steyr/Glassmirror : <B>Fian Vel Steyr</B> seizes up and falls limp, his eyes dead and lifeless...
[10:51:49]ACCESS: Logout: *no key*/(Fian Vel Steyr)
[10:51:49]ACCESS: Login: Glassmirror/(Fian Vel Steyr) from 210.195.130.74-237290458 || BYOND v498
[10:52:38]SAY: mouse/ : SQUEEK!
[10:53:01]SAY: Poly/ : WHO TOOK THE DAMN HARDSUITS?
[10:53:42]GAME: Emitter deleted at (119,60,1)
[10:53:48]GAME: Emitter deleted at (119,62,1)
[10:53:49]GAME: Explosion with size (-1, 0, 2) in area Space 
[10:53:52]GAME: Emitter deleted at (109,62,1)
[10:54:00]GAME: Emitter deleted at (111,65,1)
[10:56:03]SAY: mouse/ : SQUEEK!
[10:56:28]SAY: mouse/ : Squeek!
[10:57:03]SAY: Tom/ : Squeek?
[10:59:18]SAY: Pete/ : EHEHEHEHEH
[11:01:25]GAME: Antagonists at round end were...
[11:01:33]ACCESS: Logout: Glassmirror[DC]/(Fian Vel Steyr)
[12:03:18]ACCESS: Login: Grumps_McGurt/(Grumps_McGurt) from 121.217.236.8-3611451171 || BYOND v498
[12:03:39]ACCESS: Logout: Grumps_McGurt[DC]/(Grumps_McGurt)


Starting up. 12:03.53
---------------------
Adding game mode blob (blob) to configuration.
Adding game mode changeling (changeling) to configuration.
Adding game mode traitor+changeling (traitorchan) to configuration.
Adding game mode traitor (traitor) to configuration.
Adding game mode cult (cult) to configuration.
Adding game mode extended (extended) to configuration.
Adding game mode AI malfunction (malfunction) to configuration.
Adding game mode meteor (meteor) to configuration.
Adding game mode nuclear emergency (nuclear) to configuration.
Adding game mode revolution (revolution) to configuration.
Adding game mode sandbox (sandbox) to configuration.
Adding game mode wizard (wizard) to configuration.
Saved mode is 'extended'
[12:03:53]ADMIN: Loading Banlistjob
[12:03:53]ADMIN: Loading jobban_rank
[12:03:53]ADMIN: jobban_keylist was empty
[12:03:53]ADMIN: Loading appearance_rank
[12:03:53]ADMIN: appearance_keylist was empty
[12:03:53]ADMIN: Updating jobbanfile!
[12:03:53]ADMIN: Loading Banlist
[12:04:16]ACCESS: Login: Grumps_McGurt/(Grumps_McGurt) from 121.217.236.8-3611451171 || BYOND v498
[12:04:32]OOC: Grumps_McGurt/Grumps_McGurt : Anyone else here?
[12:05:44]ACCESS: Logout: *no key*/(Grumps_McGurt)
[12:05:44]ACCESS: Login: Grumps_McGurt/(Jim Hennessey) from 121.217.236.8-3611451171 || BYOND v498
[12:07:16]SAY: Pete/ : EHEHEHEHEH
[12:08:01]SAY: mouse/ : Squeek!
[12:09:38]SAY: mouse/ : Squeek!
[12:09:47]ACCESS: Logout: Grumps_McGurt[DC]/(Jim Hennessey)
[18:14:39]ACCESS: Login: Glassmirror/(Glassmirror) from 210.195.130.74-237290458 || BYOND v498
[18:15:21]ACCESS: Logout: *no key*/(Glassmirror)
[18:15:21]ACCESS: Login: Glassmirror/(Fian Vel Steyr) from 210.195.130.74-237290458 || BYOND v498
[18:18:13]SAY: mouse/ : Squeek?
[18:18:34]SAY: Ian/ : Woof!
[18:18:42]SAY: mouse/ : Squeek!
[18:18:59]SAY: mouse/ : SQUEEK!
[18:19:25]SAY: mouse/ : Squeek?
[18:20:10]SAY: mouse/ : Squeek!
[18:22:20]SAY: Tom/ : Squeek!
[18:22:58]SAY: mouse/ : Squeek!
[18:23:39]SAY: mouse/ : Squeek!
[18:23:43]SAY: mouse/ : Squeek!
[18:26:12]SAY: mouse/ : SQUEEK!
[18:26:35]SAY: mouse/ : SQUEEK!
[18:27:36]SAY: mouse/ : Squeek!
[18:28:14]SAY: Ian/ : AUUUUUU
[18:33:55]SAY: mouse/ : SQUEEK!
[18:36:16]SAY: mouse/ : Squeek!
[18:37:32]GAME: Glassmirror/(Fian Vel Steyr) has called the shuttle.
[18:37:55]ACCESS: Logout: Glassmirror[DC]/(Fian Vel Steyr)
[20:39:48]ACCESS: Login: Tanka/(Tanka) from 24.113.74.218-2284255718 || BYOND v498
[20:39:59]SAY: mouse/ : SQUEEK!
[20:39:59]ACCESS: Logout: *no key*/(Tanka)
[20:39:59]ACCESS: Login: Tanka/(Freyja) from 24.113.74.218-2284255718 || BYOND v498
[20:40:53]SAY: mouse/ : SQUEEK!
[20:41:03]SAY: Tom/ : Squeek?
[20:41:51]GAME: Antagonists at round end were...
[20:42:20]ACCESS: Logout: Tanka[DC]/(Freyja)


Starting up. 20:42.35
---------------------
Adding game mode blob (blob) to configuration.
Adding game mode changeling (changeling) to configuration.
Adding game mode traitor+changeling (traitorchan) to configuration.
Adding game mode traitor (traitor) to configuration.
Adding game mode cult (cult) to configuration.
Adding game mode extended (extended) to configuration.
Adding game mode AI malfunction (malfunction) to configuration.
Adding game mode meteor (meteor) to configuration.
Adding game mode nuclear emergency (nuclear) to configuration.
Adding game mode revolution (revolution) to configuration.
Adding game mode sandbox (sandbox) to configuration.
Adding game mode wizard (wizard) to configuration.
Saved mode is 'extended'
[20:42:35]ADMIN: Loading Banlistjob
[20:42:35]ADMIN: Loading jobban_rank
[20:42:35]ADMIN: jobban_keylist was empty
[20:42:35]ADMIN: Loading appearance_rank
[20:42:35]ADMIN: appearance_keylist was empty
[20:42:35]ADMIN: Updating jobbanfile!
[20:42:35]ADMIN: Loading Banlist
[20:43:03]ACCESS: Login: Tanka/(Tanka) from 24.113.74.218-2284255718 || BYOND v498
[20:44:33]ACCESS: Logout: *no key*/(Tanka)
[20:44:33]ACCESS: Login: Tanka/(Freyja) from 24.113.74.218-2284255718 || BYOND v498
[20:46:54]SAY: mouse/ : Squeek?
[20:48:01]SAY: Ian/ : Bark!
[20:49:59]SAY: mouse/ : SQUEEK!
[20:51:32]SAY: mouse/ : Squeek?
[20:53:17]SAY: mouse/ : Squeek?
[20:54:13]SAY: Pete/ : EHEHEHEHEH
[20:54:40]SAY: Runtime/ : Purr!
[20:55:40]SAY: mouse/ : Squeek?
[20:56:02]SAY: Ian/ : Woof!
[20:56:29]SAY: mouse/ : SQUEEK!
[20:57:09]SAY: Tom/ : Squeek!
[20:57:31]SAY: Poly/ : OH GOD ITS FREE CALL THE SHUTTLE
[20:59:41]SAY: mouse/ : Squeek!
[21:00:04]SAY: mouse/ : SQUEEK!
[21:00:04]SAY: Tom/ : Squeek?
[21:01:41]SAY: mouse/ : Squeek!
[21:03:33]EMOTE: Freyja/Tanka : <B>Freyja</B> gasps!
[21:03:39]SAY: mouse/ : Squeek?
[21:03:42]EMOTE: Freyja/Tanka : <B>Freyja</B> gasps!
[21:04:02]EMOTE: Freyja/Tanka : <B>Freyja</B> gasps!
[21:04:08]EMOTE: Freyja/Tanka : <B>Freyja</B> gasps!
[21:04:17]SAY: mouse/ : Squeek?
[21:04:19]EMOTE: Freyja/Tanka : <B>Freyja</B> gasps!
[21:04:25]EMOTE: Freyja/Tanka : <B>Freyja</B> gasps!
[21:04:27]EMOTE: Freyja/Tanka : <B>Freyja</B> gasps!
[21:04:41]EMOTE: Freyja/Tanka : <B>Freyja</B> gasps!
[21:05:04]EMOTE: Freyja/Tanka : <B>Freyja</B> seizes up and falls limp, her eyes dead and lifeless...
[21:05:49]SAY: mouse/ : Squeek!
[21:05:55]SAY: mouse/ : Squeek?
[21:06:21]ACCESS: Logout: Tanka[DC]/(Freyja)
