

Starting up. 17:58.36
---------------------
[18:14:09]ATTACK: [18:14:09] <b>Ira Ramirez/agarre17664</b> splashed <b>Ira Ramirez/agarre17664</b> with (water (45),)
[18:15:48]ATTACK: <font color='red'>Ira Ramirez (agarre17664) shot the monkey (257) () with a the electrode</font>
[18:16:59]ATTACK: <font color='red'>Ira Ramirez (agarre17664) shot the monkey (213) () with a the electrode</font>
[18:20:52]ATTACK: <font color='red'>Ira Ramirez (agarre17664) stunned monkey (521) () with stunbaton</font>
[18:22:03]ATTACK: <font color='red'>Ira Ramirez (agarre17664) shot the monkey (544) () with a the electrode</font>
[18:22:15]ATTACK: <font color='red'>Ira Ramirez (agarre17664) shot the monkey (544) () with a the electrode</font>
[18:22:39]ATTACK: <font color='red'>Ira Ramirez (agarre17664) attacked monkey (544) () with energy gun (INTENT: GRAB) (DAMTYE: BRUTE)</font>
[18:22:59]ATTACK: <font color='red'>grey baby slime (755) () was hit by the energy gun, last touched by Ira Ramirez (agarre17664)</font>
[18:24:24]ATTACK: <font color='red'>Ira Ramirez (agarre17664) stunned monkey (772) () with stunbaton</font>
[18:25:26]ATTACK: <font color='red'>Ira Ramirez (agarre17664) stunned monkey (506) () with stunbaton</font>
[18:26:37]ATTACK: <font color='red'>Ira Ramirez (agarre17664) attacked grey baby slime (257) () with fire extinguisher (INTENT: GRAB) (DAMTYE: BRUTE)</font>
[18:26:50]ATTACK: <font color='red'>Ira Ramirez (agarre17664) attacked grey baby slime (257) () with fire extinguisher (INTENT: HARM) (DAMTYE: BRUTE)</font>
[18:28:13]ATTACK: <font color='red'>Ira Ramirez (agarre17664) attacked grey baby slime (248) () with fire extinguisher (INTENT: HARM) (DAMTYE: BRUTE)</font>
[18:29:02]ATTACK: <font color='red'>Ira Ramirez (agarre17664) attacked grey baby slime (683) () with fire extinguisher (INTENT: HARM) (DAMTYE: BRUTE)</font>
[18:29:03]ATTACK: <font color='red'>Ira Ramirez (agarre17664) attacked grey baby slime (683) () with fire extinguisher (INTENT: HARM) (DAMTYE: BRUTE)</font>
[18:29:05]ATTACK: <font color='red'>Ira Ramirez (agarre17664) attacked grey baby slime (683) () with fire extinguisher (INTENT: HARM) (DAMTYE: BRUTE)</font>
[18:29:07]ATTACK: <font color='red'>Ira Ramirez (agarre17664) attacked grey baby slime (683) () with fire extinguisher (INTENT: HARM) (DAMTYE: BRUTE)</font>
[18:29:09]ATTACK: <font color='red'>Ira Ramirez (agarre17664) attacked grey baby slime (683) () with fire extinguisher (INTENT: HARM) (DAMTYE: BRUTE)</font>
[18:29:11]ATTACK: <font color='red'>Ira Ramirez (agarre17664) attacked grey baby slime (683) () with fire extinguisher (INTENT: HARM) (DAMTYE: BRUTE)</font>
[18:29:32]ATTACK: [18:29:32] <b>Ira Ramirez/agarre17664</b> splashed <b>the grey baby slime (683)/</b> with (water (50),)
[18:29:36]ATTACK: <font color='red'>Ira Ramirez (agarre17664) attacked grey baby slime (683) () with fire extinguisher (INTENT: HARM) (DAMTYE: BRUTE)</font>
[18:46:19]ATTACK: <font color='red'>Ira Ramirez (agarre17664) stunned monkey (674) () with stunbaton</font>
[18:48:03]ATTACK: <font color='red'>Ira Ramirez (agarre17664) stunned monkey (164) () with stunbaton</font>
[18:48:24]ATTACK: <font color='red'>Ira Ramirez (agarre17664) stunned monkey (164) () with stunbaton</font>
[18:49:15]ATTACK: <font color='red'>Ira Ramirez (agarre17664) stunned monkey (631) () with stunbaton</font>
[18:59:09]ATTACK: <font color='red'>Ira Ramirez (agarre17664) stunned Pun Pun () with stunbaton</font>
[18:59:23]ATTACK: <font color='red'>Ira Ramirez (agarre17664) stunned Pun Pun () with stunbaton</font>
[18:59:36]ATTACK: <font color='red'>Ira Ramirez (agarre17664) stunned Pun Pun () with stunbaton</font>
[18:59:42]ATTACK: <font color='red'>Ira Ramirez (agarre17664) stunned Pun Pun () with stunbaton</font>


Starting up. 19:22.16
---------------------


Starting up. 20:02.08
---------------------
[21:09:52]ATTACK: <font color='red'>Carina Sanroma (anjuseda) shot Pun Pun () with a the laser</font>
[21:09:54]ATTACK: <font color='red'>Carina Sanroma (anjuseda) shot Pun Pun () with a the laser</font>
[21:09:59]ATTACK: <font color='red'>Carina Sanroma (anjuseda) shot Pun Pun () with a the laser</font>
[21:10:02]ATTACK: <font color='red'>Carina Sanroma (anjuseda) shot Pun Pun () with a the laser</font>
[21:10:03]ATTACK: <font color='red'>Carina Sanroma (anjuseda) shot Pun Pun () with a the laser</font>
[21:10:03]ATTACK: <font color='red'>Carina Sanroma (anjuseda) shot Pun Pun () with a the laser</font>
[21:10:04]ATTACK: <font color='red'>Carina Sanroma (anjuseda) shot Pun Pun () with a the laser</font>
[21:10:06]ATTACK: <font color='red'>Carina Sanroma (anjuseda) shot Pun Pun () with a the laser</font>
[21:10:07]ATTACK: <font color='red'>Carina Sanroma (anjuseda) shot Pun Pun () with a the laser</font>
[21:10:13]ATTACK: <font color='red'>Carina Sanroma (anjuseda) shot Pun Pun () with a the laser</font>
[21:10:14]ATTACK: <font color='red'>Carina Sanroma (anjuseda) shot Pun Pun () with a the laser</font>
[21:10:14]ATTACK: <font color='red'>Carina Sanroma (anjuseda) shot Pun Pun () with a the laser</font>
[21:10:15]ATTACK: <font color='red'>Carina Sanroma (anjuseda) shot Pun Pun () with a the laser</font>


Starting up. 21:16.53
---------------------
[21:35:06]ATTACK: <font color='red'>Ira Ramirez (agarre17664) was hit by Iron ore, last touched by Ira Ramirez (agarre17664)</font>
[21:40:36]ATTACK: <font color='red'>Daisy Marshal (xrpavarice) disarmed Daisy Marshal (xrpavarice)</font>
[21:40:37]ATTACK: <font color='red'>Daisy Marshal (xrpavarice) disarmed Daisy Marshal (xrpavarice)</font>
[21:40:40]ATTACK: <font color='red'>Daisy Marshal (xrpavarice) disarmed Daisy Marshal (xrpavarice)</font>
[21:40:41]ATTACK: <font color='red'>Daisy Marshal (xrpavarice) disarmed Daisy Marshal (xrpavarice)</font>
[21:40:43]ATTACK: <font color='red'>Daisy Marshal (xrpavarice) disarmed Daisy Marshal (xrpavarice)</font>
[21:40:49]ATTACK: <font color='red'>Daisy Marshal (xrpavarice) disarmed Daisy Marshal (xrpavarice)</font>
[21:40:50]ATTACK: <font color='red'>Daisy Marshal (xrpavarice) disarmed Daisy Marshal (xrpavarice)</font>
[21:40:51]ATTACK: <font color='red'>Daisy Marshal (xrpavarice) disarmed Daisy Marshal (xrpavarice)</font>
[21:40:53]ATTACK: <font color='red'>Daisy Marshal (xrpavarice) disarmed Daisy Marshal (xrpavarice)</font>
[21:40:54]ATTACK: <font color='red'>Daisy Marshal (xrpavarice) disarmed Daisy Marshal (xrpavarice)</font>
[21:40:58]ATTACK: <font color='red'>Daisy Marshal (xrpavarice) disarmed Daisy Marshal (xrpavarice)</font>
[21:41:00]ATTACK: <font color='red'>Daisy Marshal (xrpavarice) disarmed Daisy Marshal (xrpavarice)</font>
[21:41:04]ATTACK: <font color='red'>Daisy Marshal (xrpavarice) disarmed Daisy Marshal (xrpavarice)</font>
[22:03:28]ATTACK: <font color='red'>Carina Sanroma (anjuseda) attacked Ira Ramirez (agarre17664) with surgical apron (INTENT: GRAB) (DAMTYE: BRUTE)</font>
[22:04:26]ATTACK: <font color='red'>Carina Sanroma (anjuseda) attacked Ira Ramirez (agarre17664) with scalpel (INTENT: HELP) (DAMTYE: BRUTE)</font>
[22:04:45]ATTACK: <font color='red'>Carina Sanroma (anjuseda) initiated a appendectomy on Ira Ramirez (agarre17664)</font>
[22:07:11]ATTACK: <font color='red'>Carina Sanroma (anjuseda) fed Ira Ramirez (agarre17664) with anti-toxins pill (INTENT: HELP)</font>
[22:09:59]ATTACK: [22:09:59] <b>Carina Sanroma/anjuseda</b> gibbed <b>Daisy Marshal/xrpavarice</b>
[22:28:19]ATTACK: <font color='red'>Carina Sanroma (anjuseda) initiated a appendectomy on Ira Ramirez (agarre17664)</font>
[22:28:23]ATTACK: <font color='red'>Carina Sanroma (anjuseda) attacked Ira Ramirez (agarre17664) with scalpel (INTENT: GRAB) (DAMTYE: BRUTE)</font>
[22:28:32]ATTACK: <font color='red'>Carina Sanroma (anjuseda) attacked Ira Ramirez (agarre17664) with scalpel (INTENT: GRAB) (DAMTYE: BRUTE)</font>
[22:30:14]ATTACK: <font color='red'>Carina Sanroma (anjuseda) attacked Ira Ramirez (agarre17664) with cautery (INTENT: GRAB) (DAMTYE: BRUTE)</font>
[22:31:09]ATTACK: <font color='red'>Carina Sanroma (anjuseda) attacked Ira Ramirez (agarre17664) with appendix (INTENT: HELP) (DAMTYE: BRUTE)</font>
[22:31:13]ATTACK: <font color='red'>Carina Sanroma (anjuseda) attacked Ira Ramirez (agarre17664) with appendix (INTENT: HELP) (DAMTYE: BRUTE)</font>
[22:38:15]ATTACK: <font color='red'>Ira Ramirez (agarre17664) attacked Pun Pun () with pickaxe (INTENT: HELP) (DAMTYE: BRUTE)</font>
[22:38:16]ATTACK: <font color='red'>Ira Ramirez (agarre17664) attacked Pun Pun () with pickaxe (INTENT: HELP) (DAMTYE: BRUTE)</font>
[22:38:17]ATTACK: <font color='red'>Ira Ramirez (agarre17664) attacked Pun Pun () with pickaxe (INTENT: HELP) (DAMTYE: BRUTE)</font>
[22:38:18]ATTACK: <font color='red'>Ira Ramirez (agarre17664) attacked Pun Pun () with pickaxe (INTENT: HELP) (DAMTYE: BRUTE)</font>
[22:38:23]ATTACK: <font color='red'>Ira Ramirez (agarre17664) attacked Pun Pun () with pickaxe (INTENT: HARM) (DAMTYE: BRUTE)</font>
[22:38:24]ATTACK: <font color='red'>Ira Ramirez (agarre17664) attacked Pun Pun () with pickaxe (INTENT: HARM) (DAMTYE: BRUTE)</font>
[22:38:27]ATTACK: <font color='red'>Ira Ramirez (agarre17664) attacked Pun Pun () with pickaxe (INTENT: HARM) (DAMTYE: BRUTE)</font>
[22:38:29]ATTACK: <font color='red'>Ira Ramirez (agarre17664) attacked Pun Pun () with pickaxe (INTENT: HARM) (DAMTYE: BRUTE)</font>
[22:38:30]ATTACK: <font color='red'>Ira Ramirez (agarre17664) attacked Pun Pun () with pickaxe (INTENT: HARM) (DAMTYE: BRUTE)</font>
[22:38:31]ATTACK: <font color='red'>Ira Ramirez (agarre17664) attacked Pun Pun () with pickaxe (INTENT: HARM) (DAMTYE: BRUTE)</font>
[22:38:32]ATTACK: <font color='red'>Ira Ramirez (agarre17664) attacked Pun Pun () with pickaxe (INTENT: HARM) (DAMTYE: BRUTE)</font>
[22:38:35]ATTACK: <font color='red'>Ira Ramirez (agarre17664) attacked Pun Pun () with pickaxe (INTENT: HARM) (DAMTYE: BRUTE)</font>
[22:38:39]ATTACK: <font color='red'>Ira Ramirez (agarre17664) attacked Pun Pun () with pickaxe (INTENT: HARM) (DAMTYE: BRUTE)</font>
[22:38:40]ATTACK: <font color='red'>Ira Ramirez (agarre17664) attacked Pun Pun () with pickaxe (INTENT: HARM) (DAMTYE: BRUTE)</font>
[22:38:42]ATTACK: <font color='red'>Ira Ramirez (agarre17664) attacked Pun Pun () with pickaxe (INTENT: HARM) (DAMTYE: BRUTE)</font>
[22:38:43]ATTACK: <font color='red'>Ira Ramirez (agarre17664) attacked Pun Pun () with pickaxe (INTENT: HARM) (DAMTYE: BRUTE)</font>
[22:38:44]ATTACK: <font color='red'>Ira Ramirez (agarre17664) attacked Pun Pun () with pickaxe (INTENT: HARM) (DAMTYE: BRUTE)</font>
[22:45:17]ATTACK: <font color='red'>Ira Ramirez (agarre17664) attacked Ira Ramirez (agarre17664) with donut box (INTENT: HARM) (DAMTYE: BRUTE)</font>
[22:45:28]ATTACK: <font color='red'>Carina Sanroma (anjuseda) shot Daisy Marshal (xrpavarice) with a the bullet</font>
[22:45:49]ATTACK: <font color='red'>Carina Sanroma (anjuseda) shot Daisy Marshal (xrpavarice) with a the bullet</font>
[22:51:40]ATTACK: <font color='red'>Carina Sanroma (anjuseda) fed Daisy Marshal (xrpavarice) with Ryetalyn pill (INTENT: GRAB)</font>
[22:51:50]ATTACK: <font color='red'>Carina Sanroma (anjuseda) fed Daisy Marshal (xrpavarice) with Ryetalyn pill (INTENT: GRAB)</font>
[00:03:38]ATTACK: <font color='red'>UNKNOWN shot the space carp () with a the emitter beam</font>
[00:15:03]ATTACK: <font color='red'>Carina Sanroma (anjuseda) fed Ira Ramirez (agarre17664) with Ryetalyn pill (INTENT: HARM)</font>
[00:15:09]ATTACK: <font color='red'>Carina Sanroma (anjuseda) fed Ira Ramirez (agarre17664) with Ryetalyn pill (INTENT: HARM)</font>
[00:29:14]ATTACK: <font color='red'>Ira Ramirez (agarre17664) punched Ira Ramirez (agarre17664)</font>
[00:52:41]ATTACK: <font color='red'>Carina Sanroma (anjuseda) attacked monkey (423) () with fire extinguisher (INTENT: GRAB) (DAMTYE: BRUTE)</font>
[01:05:35]ATTACK: <font color='red'>Carina Sanroma (anjuseda) attacked grey baby slime (102) () with laser cannon (INTENT: GRAB) (DAMTYE: BRUTE)</font>
[01:05:49]ATTACK: <font color='red'>Carina Sanroma (anjuseda) shot the grey baby slime (648) () with a the bullet</font>
[01:05:50]ATTACK: <font color='red'>Carina Sanroma (anjuseda) shot the grey baby slime (648) () with a the bullet</font>
[01:05:50]ATTACK: <font color='red'>Carina Sanroma (anjuseda) shot the grey baby slime (648) () with a the bullet</font>
[01:05:51]ATTACK: <font color='red'>Carina Sanroma (anjuseda) shot the grey baby slime (648) () with a the bullet</font>
[01:05:53]ATTACK: <font color='red'>Carina Sanroma (anjuseda) shot the grey baby slime (648) () with a the bullet</font>
[01:05:55]ATTACK: <font color='red'>Carina Sanroma (anjuseda) shot the grey baby slime (648) () with a the bullet</font>
[01:05:55]ATTACK: <font color='red'>Carina Sanroma (anjuseda) shot the grey baby slime (648) () with a the bullet</font>
[01:05:56]ATTACK: <font color='red'>Carina Sanroma (anjuseda) shot the grey baby slime (648) () with a the bullet</font>
[01:05:56]ATTACK: <font color='red'>Carina Sanroma (anjuseda) shot the grey baby slime (648) () with a the bullet</font>
[01:06:03]ATTACK: <font color='red'>Carina Sanroma (anjuseda) attacked grey baby slime (285) () with submachine gun (INTENT: HARM) (DAMTYE: BRUTE)</font>
[01:06:26]ATTACK: <font color='red'>Carina Sanroma (anjuseda) shot the grey baby slime (285) () with a the bullet</font>
[01:06:27]ATTACK: <font color='red'>Carina Sanroma (anjuseda) shot the grey baby slime (285) () with a the bullet</font>
[01:06:27]ATTACK: <font color='red'>Carina Sanroma (anjuseda) shot the grey baby slime (285) () with a the bullet</font>
[01:06:28]ATTACK: <font color='red'>Carina Sanroma (anjuseda) shot the grey baby slime (285) () with a the bullet</font>
[01:15:51]ATTACK: <font color='red'>UNKNOWN shot Pun Pun () with a the heavy laser</font>
[01:15:53]ATTACK: <font color='red'>UNKNOWN shot Pun Pun () with a the heavy laser</font>
[01:19:16]ATTACK: <font color='red'>Carina Sanroma (anjuseda) fed Ira Ramirez (agarre17664) with syndi-cakes (INTENT: HELP)</font>
[01:19:20]ATTACK: <font color='red'>Carina Sanroma (anjuseda) fed Ira Ramirez (agarre17664) with syndi-cakes (INTENT: HELP)</font>
[01:19:25]ATTACK: <font color='red'>Carina Sanroma (anjuseda) fed Ira Ramirez (agarre17664) with syndi-cakes (INTENT: HELP)</font>
[01:19:32]ATTACK: <font color='red'>Carina Sanroma (anjuseda) fed Ira Ramirez (agarre17664) with syndi-cakes (INTENT: HELP)</font>
[01:19:36]ATTACK: <font color='red'>Carina Sanroma (anjuseda) fed Ira Ramirez (agarre17664) with syndi-cakes (INTENT: HELP)</font>
[01:19:40]ATTACK: <font color='red'>Carina Sanroma (anjuseda) fed Ira Ramirez (agarre17664) with syndi-cakes (INTENT: HELP)</font>
[01:19:56]ATTACK: <font color='red'>Carina Sanroma (anjuseda) fed Ira Ramirez (agarre17664) with syndi-cakes (INTENT: HELP)</font>
[01:19:59]ATTACK: <font color='red'>Carina Sanroma (anjuseda) fed Ira Ramirez (agarre17664) with syndi-cakes (INTENT: HELP)</font>
[01:20:03]ATTACK: <font color='red'>Carina Sanroma (anjuseda) fed Ira Ramirez (agarre17664) with syndi-cakes (INTENT: HELP)</font>
[01:28:33]ATTACK: <font color='red'>Carina Sanroma (anjuseda) shot the grey baby slime (361) () with a the heavy laser</font>
[01:28:35]ATTACK: <font color='red'>Carina Sanroma (anjuseda) shot the grey baby slime (361) () with a the heavy laser</font>
[01:28:37]ATTACK: <font color='red'>Carina Sanroma (anjuseda) shot the grey baby slime (361) () with a the heavy laser</font>
[01:28:43]ATTACK: <font color='red'>Carina Sanroma (anjuseda) shot the grey baby slime (361) () with a the heavy laser</font>
[01:40:26]ATTACK: <font color='red'>Carina Sanroma (anjuseda) shot the grey baby slime (361) () with a the freeze beam</font>
[01:41:10]ATTACK: <font color='red'>Ira Ramirez (agarre17664) attacked monkey (398) () with stunbaton (INTENT: HARM) (DAMTYE: BRUTE)</font>
[01:41:10]ATTACK: <font color='red'>Ira Ramirez (agarre17664) stunned monkey (398) () with stunbaton</font>
[01:41:36]ATTACK: <font color='red'>Carina Sanroma (anjuseda) shot the grey baby slime (361) () with a the heavy laser</font>
[01:43:10]ATTACK: <font color='red'>Ira Ramirez (agarre17664) stunned monkey (762) () with stunbaton</font>
[01:45:01]ATTACK: <font color='red'>Ira Ramirez (agarre17664) stunned monkey (745) () with stunbaton</font>
[01:45:21]ATTACK: <font color='red'>Ira Ramirez (agarre17664) stunned monkey (301) () with stunbaton</font>
[01:46:11]ATTACK: <font color='red'>Ira Ramirez (agarre17664) attacked orange baby slime (514) () with fire extinguisher (INTENT: GRAB) (DAMTYE: BRUTE)</font>
[01:46:26]ATTACK: <font color='red'>Ira Ramirez (agarre17664) attacked orange baby slime (514) () with fire extinguisher (INTENT: GRAB) (DAMTYE: BRUTE)</font>
[01:46:27]ATTACK: <font color='red'>Ira Ramirez (agarre17664) attacked orange baby slime (514) () with fire extinguisher (INTENT: GRAB) (DAMTYE: BRUTE)</font>
[01:46:31]ATTACK: <font color='red'>Ira Ramirez (agarre17664) attacked orange baby slime (514) () with fire extinguisher (INTENT: GRAB) (DAMTYE: BRUTE)</font>
[01:46:32]ATTACK: <font color='red'>Ira Ramirez (agarre17664) attacked orange baby slime (514) () with fire extinguisher (INTENT: GRAB) (DAMTYE: BRUTE)</font>
[01:46:33]ATTACK: <font color='red'>Ira Ramirez (agarre17664) attacked orange baby slime (514) () with fire extinguisher (INTENT: GRAB) (DAMTYE: BRUTE)</font>
[01:46:38]ATTACK: <font color='red'>Ira Ramirez (agarre17664) attacked orange baby slime (514) () with oxygen tank (INTENT: GRAB) (DAMTYE: BRUTE)</font>
[01:46:55]ATTACK: <font color='red'>Carina Sanroma (anjuseda) attacked orange baby slime (514) () with fire extinguisher (INTENT: GRAB) (DAMTYE: BRUTE)</font>
[01:46:57]ATTACK: <font color='red'>Carina Sanroma (anjuseda) attacked orange baby slime (514) () with fire extinguisher (INTENT: GRAB) (DAMTYE: BRUTE)</font>
[01:47:00]ATTACK: <font color='red'>Carina Sanroma (anjuseda) attacked orange baby slime (514) () with fire extinguisher (INTENT: GRAB) (DAMTYE: BRUTE)</font>
[01:47:06]ATTACK: <font color='red'>Carina Sanroma (anjuseda) shot the orange baby slime (514) () with a the heavy laser</font>
[01:47:08]ATTACK: <font color='red'>Carina Sanroma (anjuseda) shot the orange baby slime (514) () with a the heavy laser</font>
[01:47:09]ATTACK: <font color='red'>Carina Sanroma (anjuseda) shot the orange baby slime (514) () with a the heavy laser</font>
[01:47:11]ATTACK: <font color='red'>Carina Sanroma (anjuseda) shot the orange baby slime (514) () with a the heavy laser</font>
[01:47:12]ATTACK: <font color='red'>Carina Sanroma (anjuseda) shot the orange baby slime (514) () with a the heavy laser</font>
[01:47:14]ATTACK: <font color='red'>Carina Sanroma (anjuseda) shot the orange baby slime (514) () with a the heavy laser</font>
[01:47:15]ATTACK: <font color='red'>Carina Sanroma (anjuseda) shot the orange baby slime (514) () with a the heavy laser</font>
[01:47:17]ATTACK: <font color='red'>Carina Sanroma (anjuseda) shot the orange baby slime (514) () with a the heavy laser</font>
[01:47:22]ATTACK: <font color='red'>Ira Ramirez (agarre17664) stunned monkey (770) () with stunbaton</font>
[01:48:01]ATTACK: <font color='red'>Carina Sanroma (anjuseda) attacked orange baby slime (265) () with submachine gun (INTENT: GRAB) (DAMTYE: BRUTE)</font>
[01:48:02]ATTACK: <font color='red'>Carina Sanroma (anjuseda) attacked orange baby slime (265) () with submachine gun (INTENT: GRAB) (DAMTYE: BRUTE)</font>
[01:48:09]ATTACK: <font color='red'>Carina Sanroma (anjuseda) attacked orange baby slime (265) () with temperature gun (INTENT: GRAB) (DAMTYE: BRUTE)</font>
[01:49:16]ATTACK: <font color='red'>Ira Ramirez (agarre17664) stunned monkey (366) () with stunbaton</font>
[01:51:11]ATTACK: <font color='red'>UNKNOWN shot the orange adult slime (175) () with a the heavy laser</font>
[01:51:13]ATTACK: <font color='red'>UNKNOWN shot the orange adult slime (175) () with a the heavy laser</font>
[01:51:15]ATTACK: <font color='red'>UNKNOWN shot the orange adult slime (175) () with a the heavy laser</font>
[01:51:16]ATTACK: <font color='red'>UNKNOWN shot the orange adult slime (175) () with a the heavy laser</font>
[01:51:18]ATTACK: <font color='red'>UNKNOWN shot the orange adult slime (175) () with a the heavy laser</font>
[01:51:20]ATTACK: <font color='red'>UNKNOWN shot the orange adult slime (175) () with a the heavy laser</font>
[01:51:21]ATTACK: <font color='red'>UNKNOWN shot the orange adult slime (175) () with a the heavy laser</font>
[01:51:26]ATTACK: <font color='red'>UNKNOWN shot the orange adult slime (175) () with a the laser</font>
[01:51:27]ATTACK: <font color='red'>UNKNOWN shot the orange adult slime (175) () with a the laser</font>
[01:51:28]ATTACK: <font color='red'>UNKNOWN shot the orange adult slime (175) () with a the laser</font>
[01:51:28]ATTACK: <font color='red'>UNKNOWN shot the orange adult slime (175) () with a the laser</font>
[01:51:29]ATTACK: <font color='red'>UNKNOWN shot the orange adult slime (175) () with a the laser</font>
[01:51:30]ATTACK: <font color='red'>UNKNOWN shot the orange adult slime (175) () with a the laser</font>
[01:51:31]ATTACK: <font color='red'>UNKNOWN shot the orange adult slime (175) () with a the laser</font>
[01:51:32]ATTACK: <font color='red'>UNKNOWN shot the orange adult slime (175) () with a the laser</font>
[01:51:32]ATTACK: <font color='red'>UNKNOWN shot the orange adult slime (175) () with a the laser</font>
[01:51:33]ATTACK: <font color='red'>UNKNOWN shot the orange adult slime (175) () with a the laser</font>
[01:51:34]ATTACK: <font color='red'>UNKNOWN shot the orange adult slime (175) () with a the laser</font>
[01:51:37]ATTACK: <font color='red'>UNKNOWN shot the orange baby slime (265) () with a the laser</font>
[01:51:37]ATTACK: <font color='red'>UNKNOWN shot the orange baby slime (265) () with a the laser</font>
[01:51:46]ATTACK: <font color='red'>UNKNOWN shot the orange adult slime (175) () with a the laser</font>
[01:51:47]ATTACK: <font color='red'>UNKNOWN shot the orange adult slime (175) () with a the laser</font>
[01:51:48]ATTACK: <font color='red'>UNKNOWN shot the orange adult slime (175) () with a the laser</font>
[01:51:48]ATTACK: <font color='red'>Ira Ramirez (agarre17664) stunned monkey (912) () with stunbaton</font>
[01:51:49]ATTACK: <font color='red'>UNKNOWN shot the orange adult slime (175) () with a the laser</font>
[01:51:49]ATTACK: <font color='red'>UNKNOWN shot the orange adult slime (175) () with a the laser</font>
[01:51:50]ATTACK: <font color='red'>UNKNOWN shot the orange adult slime (175) () with a the laser</font>
[01:51:51]ATTACK: <font color='red'>UNKNOWN shot the orange adult slime (175) () with a the laser</font>
[01:51:58]ATTACK: <font color='red'>UNKNOWN shot the orange adult slime (175) () with a the laser</font>
[01:51:59]ATTACK: <font color='red'>UNKNOWN shot the orange adult slime (175) () with a the laser</font>
[01:52:07]ATTACK: <font color='red'>UNKNOWN shot the orange adult slime (175) () with a the heavy laser</font>
[01:52:08]ATTACK: <font color='red'>UNKNOWN shot the orange adult slime (175) () with a the heavy laser</font>
[01:52:10]ATTACK: <font color='red'>UNKNOWN shot the orange adult slime (175) () with a the heavy laser</font>
[01:52:11]ATTACK: <font color='red'>UNKNOWN shot the orange adult slime (175) () with a the heavy laser</font>
[01:52:13]ATTACK: <font color='red'>UNKNOWN shot the orange adult slime (175) () with a the heavy laser</font>
[01:52:16]ATTACK: <font color='red'>UNKNOWN shot the orange adult slime (175) () with a the heavy laser</font>
[01:52:18]ATTACK: <font color='red'>UNKNOWN shot the orange adult slime (175) () with a the heavy laser</font>
[01:52:44]ATTACK: <font color='red'>Carina Sanroma (anjuseda) attacked orange baby slime (303) () with fire extinguisher (INTENT: DISARM) (DAMTYE: BRUTE)</font>
[01:52:46]ATTACK: <font color='red'>Carina Sanroma (anjuseda) attacked orange baby slime (303) () with fire extinguisher (INTENT: DISARM) (DAMTYE: BRUTE)</font>
[01:53:00]ATTACK: <font color='red'>Carina Sanroma (anjuseda) attacked orange baby slime (265) () with submachine gun (INTENT: DISARM) (DAMTYE: BRUTE)</font>
[01:53:06]ATTACK: <font color='red'>Carina Sanroma (anjuseda) shot the orange baby slime (265) () with a the bullet</font>
[01:53:06]ATTACK: <font color='red'>Carina Sanroma (anjuseda) shot the orange baby slime (265) () with a the bullet</font>
[01:53:07]ATTACK: <font color='red'>Carina Sanroma (anjuseda) shot the orange baby slime (265) () with a the bullet</font>
[01:53:08]ATTACK: <font color='red'>Carina Sanroma (anjuseda) shot the orange baby slime (265) () with a the bullet</font>
[01:53:08]ATTACK: <font color='red'>Carina Sanroma (anjuseda) shot the orange baby slime (265) () with a the bullet</font>
[01:53:10]ATTACK: <font color='red'>Carina Sanroma (anjuseda) shot the orange baby slime (93) () with a the bullet</font>
[01:53:10]ATTACK: <font color='red'>Carina Sanroma (anjuseda) shot the orange baby slime (93) () with a the bullet</font>
[01:53:11]ATTACK: <font color='red'>Carina Sanroma (anjuseda) shot the orange baby slime (93) () with a the bullet</font>
[01:53:12]ATTACK: <font color='red'>Carina Sanroma (anjuseda) attacked orange baby slime (93) () with submachine gun (INTENT: DISARM) (DAMTYE: BRUTE)</font>
[01:53:14]ATTACK: <font color='red'>Carina Sanroma (anjuseda) attacked orange baby slime (93) () with submachine gun (INTENT: DISARM) (DAMTYE: BRUTE)</font>
[01:53:19]ATTACK: <font color='red'>Carina Sanroma (anjuseda) shot the orange baby slime (93) () with a the bullet</font>
[01:53:19]ATTACK: <font color='red'>Carina Sanroma (anjuseda) shot the orange baby slime (93) () with a the bullet</font>
[01:53:20]ATTACK: <font color='red'>Carina Sanroma (anjuseda) shot the orange baby slime (93) () with a the bullet</font>
[01:53:20]ATTACK: <font color='red'>Carina Sanroma (anjuseda) shot the orange baby slime (93) () with a the bullet</font>
[01:53:20]ATTACK: <font color='red'>Carina Sanroma (anjuseda) shot the orange baby slime (93) () with a the bullet</font>
[01:53:21]ATTACK: <font color='red'>Carina Sanroma (anjuseda) shot the orange baby slime (93) () with a the bullet</font>
[01:53:21]ATTACK: <font color='red'>Carina Sanroma (anjuseda) shot the orange baby slime (93) () with a the bullet</font>
[01:53:22]ATTACK: <font color='red'>Carina Sanroma (anjuseda) shot the orange baby slime (93) () with a the bullet</font>
[01:58:37]ATTACK: <font color='red'>Ira Ramirez (agarre17664) stunned monkey (144) () with stunbaton</font>
[01:59:36]ATTACK: <font color='red'>Ira Ramirez (agarre17664) stunned monkey (29) () with stunbaton</font>
[02:03:34]ATTACK: <font color='red'>Ira Ramirez (agarre17664) stunned monkey (726) () with stunbaton</font>
[02:03:40]ATTACK: <font color='red'>Carina Sanroma (anjuseda) shot the bluespace adult slime (789) () with a the bullet</font>
[02:03:40]ATTACK: <font color='red'>Carina Sanroma (anjuseda) shot the bluespace adult slime (789) () with a the bullet</font>
[02:03:44]ATTACK: <font color='red'>Carina Sanroma (anjuseda) shot the bluespace adult slime (789) () with a the bullet</font>
[02:03:45]ATTACK: <font color='red'>Carina Sanroma (anjuseda) shot the bluespace adult slime (789) () with a the bullet</font>
[02:03:45]ATTACK: <font color='red'>Carina Sanroma (anjuseda) shot the bluespace adult slime (789) () with a the bullet</font>
[02:03:45]ATTACK: <font color='red'>Carina Sanroma (anjuseda) attacked bluespace adult slime (789) () with submachine gun (INTENT: GRAB) (DAMTYE: BRUTE)</font>
[02:03:46]ATTACK: <font color='red'>Carina Sanroma (anjuseda) attacked bluespace adult slime (789) () with submachine gun (INTENT: GRAB) (DAMTYE: BRUTE)</font>
[02:03:51]ATTACK: <font color='red'>Carina Sanroma (anjuseda) shot the bluespace adult slime (789) () with a the bullet</font>
[02:03:52]ATTACK: <font color='red'>Carina Sanroma (anjuseda) shot the bluespace adult slime (789) () with a the bullet</font>
[02:03:52]ATTACK: <font color='red'>Carina Sanroma (anjuseda) shot the bluespace adult slime (789) () with a the bullet</font>
[02:03:53]ATTACK: <font color='red'>Carina Sanroma (anjuseda) shot the bluespace adult slime (789) () with a the bullet</font>
[02:03:55]ATTACK: <font color='red'>Carina Sanroma (anjuseda) shot the bluespace adult slime (789) () with a the bullet</font>
[02:03:56]ATTACK: <font color='red'>Carina Sanroma (anjuseda) shot the bluespace adult slime (789) () with a the bullet</font>
[02:04:13]ATTACK: <font color='red'>monkey (726) () was hit by the stunbaton, last touched by Ira Ramirez (agarre17664)</font>
[02:04:47]ATTACK: <font color='red'>Carina Sanroma (anjuseda) attacked bluespace baby slime (786) () with fire extinguisher (INTENT: DISARM) (DAMTYE: BRUTE)</font>
[02:04:49]ATTACK: <font color='red'>Carina Sanroma (anjuseda) attacked bluespace baby slime (786) () with fire extinguisher (INTENT: DISARM) (DAMTYE: BRUTE)</font>
[02:05:12]ATTACK: <font color='red'>Carina Sanroma (anjuseda) attacked bluespace baby slime (786) () with fire extinguisher (INTENT: DISARM) (DAMTYE: BRUTE)</font>
[02:05:18]ATTACK: <font color='red'>Carina Sanroma (anjuseda) disarmed Ira Ramirez (agarre17664)</font>
[02:11:12]ATTACK: <font color='red'>Carina Sanroma (anjuseda) fed Ira Ramirez (agarre17664) with dexalin pill (INTENT: GRAB)</font>
[02:15:45]ATTACK: <font color='red'>Ira Ramirez (agarre17664) attacked Ira Ramirez (agarre17664) with laser gun (INTENT: GRAB) (DAMTYE: BRUTE)</font>
[02:16:01]ATTACK: <font color='red'>Carina Sanroma (anjuseda) fed Ira Ramirez (agarre17664) with Clonexadone pill (INTENT: HELP)</font>
[02:17:45]ATTACK: <font color='red'>Carina Sanroma (anjuseda) fed Ira Ramirez (agarre17664) with 4no raisins (INTENT: HELP)</font>
[02:17:49]ATTACK: <font color='red'>Carina Sanroma (anjuseda) fed Ira Ramirez (agarre17664) with 4no raisins (INTENT: HELP)</font>
[02:43:42]ATTACK: <font color='red'>Carina Sanroma (anjuseda) fed Ira Ramirez (agarre17664) with chips (INTENT: HELP)</font>
[02:43:45]ATTACK: <font color='red'>Carina Sanroma (anjuseda) fed Ira Ramirez (agarre17664) with chips (INTENT: HELP)</font>
[02:43:50]ATTACK: <font color='red'>Carina Sanroma (anjuseda) fed Ira Ramirez (agarre17664) with chips (INTENT: HELP)</font>
[02:46:22]ATTACK: <font color='red'>UNKNOWN shot the space carp () with a the heavy laser</font>
[02:46:24]ATTACK: <font color='red'>UNKNOWN shot the space carp () with a the heavy laser</font>
