

Starting up. 02:52.17
---------------------


Starting up. 12:22.14
---------------------
[13:01:39]ATTACK: <font color='red'>John 'Zon' Mitchell (zonr0) used the DNA injector (Block 2 Isolated) to attempt to inject John 'Zon' Mitchell (zonr0)</font>
[13:01:39]ATTACK: <font color='red'>John 'Zon' Mitchell (zonr0) used the DNA injector (Block 2 Isolated) to inject John 'Zon' Mitchell (zonr0)</font>
[13:14:37]ATTACK: <font color='red'>John 'Zon' Mitchell (zonr0) punched Donny Kifer ()</font>
[13:15:10]ATTACK: <font color='red'>John 'Zon' Mitchell (zonr0) used the DNA injector (Block 11 Isolated) to attempt to inject John 'Zon' Mitchell (zonr0)</font>
[13:15:10]ATTACK: <font color='red'>John 'Zon' Mitchell (zonr0) used the DNA injector (Block 11 Isolated) to inject John 'Zon' Mitchell (zonr0)</font>
[13:15:23]ATTACK: <font color='red'>John 'Zon' Mitchell (zonr0) used the DNA injector (Clean Human SE) to attempt to inject John 'Zon' Mitchell (zonr0)</font>
[13:15:23]ATTACK: <font color='red'>John 'Zon' Mitchell (zonr0) used the DNA injector (Clean Human SE) to inject John 'Zon' Mitchell (zonr0)</font>
[13:34:09]ATTACK: <font color='red'>John 'Zon' Mitchell (zonr0) used the DNA injector (Block 4) to attempt to inject John 'Zon' Mitchell (zonr0)</font>
[13:34:09]ATTACK: <font color='red'>John 'Zon' Mitchell (zonr0) used the DNA injector (Block 4) to inject John 'Zon' Mitchell (zonr0)</font>
[13:34:28]ATTACK: <font color='red'>John 'Zon' Mitchell (zonr0) used the DNA injector (Clean Human SE) to attempt to inject John 'Zon' Mitchell (zonr0)</font>
[13:34:28]ATTACK: <font color='red'>John 'Zon' Mitchell (zonr0) used the DNA injector (Clean Human SE) to inject John 'Zon' Mitchell (zonr0)</font>
[13:35:32]ATTACK: <font color='red'>John 'Zon' Mitchell (zonr0) fed Donny Kifer () with Hyronalin pill (INTENT: HELP)</font>
[13:39:56]ATTACK: <font color='red'>John 'Zon' Mitchell (zonr0) used the DNA injector (Block 4) to attempt to inject John 'Zon' Mitchell (zonr0)</font>
[13:39:56]ATTACK: <font color='red'>John 'Zon' Mitchell (zonr0) used the DNA injector (Block 4) to inject John 'Zon' Mitchell (zonr0)</font>
[13:40:11]ATTACK: <font color='red'>John 'Zon' Mitchell (zonr0) used the DNA injector (Clean Human SE) to attempt to inject John 'Zon' Mitchell (zonr0)</font>
[13:40:11]ATTACK: <font color='red'>John 'Zon' Mitchell (zonr0) used the DNA injector (Clean Human SE) to inject John 'Zon' Mitchell (zonr0)</font>
[13:47:01]ATTACK: <font color='red'>John 'Zon' Mitchell (zonr0) used the DNA injector (Block 6) to attempt to inject John 'Zon' Mitchell (zonr0)</font>
[13:47:01]ATTACK: <font color='red'>John 'Zon' Mitchell (zonr0) used the DNA injector (Block 6) to inject John 'Zon' Mitchell (zonr0)</font>
[13:50:52]ATTACK: <font color='red'>John 'Zon' Mitchell (zonr0) used the DNA injector (Structural Enzymes) to attempt to inject John 'Zon' Mitchell (zonr0)</font>
[13:50:52]ATTACK: <font color='red'>John 'Zon' Mitchell (zonr0) used the DNA injector (Structural Enzymes) to inject John 'Zon' Mitchell (zonr0)</font>
[13:51:38]ATTACK: <font color='red'>John 'Zon' Mitchell (zonr0) used the DNA injector (Structural Enzymes) to attempt to inject John 'Zon' Mitchell (zonr0)</font>
[13:51:38]ATTACK: <font color='red'>John 'Zon' Mitchell (zonr0) used the DNA injector (Structural Enzymes) to inject John 'Zon' Mitchell (zonr0)</font>
[13:54:26]ATTACK: <font color='red'>John 'Zon' Mitchell (zonr0) used the DNA injector (Structural Enzymes) to attempt to inject John 'Zon' Mitchell (zonr0)</font>
[13:54:26]ATTACK: <font color='red'>John 'Zon' Mitchell (zonr0) used the DNA injector (Structural Enzymes) to inject John 'Zon' Mitchell (zonr0)</font>
[13:56:31]ATTACK: <font color='red'>John 'Zon' Mitchell (zonr0) used the DNA injector (Structural Enzymes) to attempt to inject John 'Zon' Mitchell (zonr0)</font>
[13:56:31]ATTACK: <font color='red'>John 'Zon' Mitchell (zonr0) used the DNA injector (Structural Enzymes) to inject John 'Zon' Mitchell (zonr0)</font>
[15:18:08]ATTACK: <font color='red'>Carina Sanroma (anjuseda) shot the space carp () with a the laser</font>
[15:18:09]ATTACK: <font color='red'>Carina Sanroma (anjuseda) shot the space carp () with a the laser</font>
[15:32:12]ATTACK: <font color='red'>Carina Sanroma (anjuseda) shot the space carp () with a the laser</font>
[15:39:33]ATTACK: [15:39:33] <b>Carina Sanroma/anjuseda</b> splashed <b>Carina Sanroma/anjuseda</b> with (tricordrazine (5),)
[16:08:59]ATTACK: <font color='red'>Carina Sanroma (anjuseda) shot Pun Pun () with a the laser</font>
[16:09:00]ATTACK: <font color='red'>Carina Sanroma (anjuseda) shot Pun Pun () with a the laser</font>
[16:09:24]ATTACK: <font color='red'>Carina Sanroma (anjuseda) attacked Pun Pun () with laser gun (INTENT: GRAB) (DAMTYE: BRUTE)</font>
[16:09:28]ATTACK: <font color='red'>Carina Sanroma (anjuseda) shot Pun Pun () with a the laser</font>
[16:09:29]ATTACK: <font color='red'>Carina Sanroma (anjuseda) shot Pun Pun () with a the laser</font>
[16:09:30]ATTACK: <font color='red'>Carina Sanroma (anjuseda) shot Pun Pun () with a the laser</font>
[16:09:52]ATTACK: <font color='red'>Carina Sanroma (anjuseda) shot Pun Pun () with a the laser</font>
[16:09:54]ATTACK: <font color='red'>Carina Sanroma (anjuseda) shot Pun Pun () with a the laser</font>
[16:09:55]ATTACK: <font color='red'>Carina Sanroma (anjuseda) shot Pun Pun () with a the laser</font>
[16:09:55]ATTACK: <font color='red'>Carina Sanroma (anjuseda) shot Pun Pun () with a the laser</font>
[16:09:57]ATTACK: <font color='red'>Carina Sanroma (anjuseda) shot Pun Pun () with a the laser</font>
[16:09:58]ATTACK: <font color='red'>Carina Sanroma (anjuseda) shot Pun Pun () with a the laser</font>
[16:20:06]ATTACK: [16:20:06] <b>Carina Sanroma/anjuseda</b> splashed <b>Carina Sanroma/anjuseda</b> with (anti_toxin (15),)
[17:09:52]ATTACK: <font color='red'>Carina Sanroma (anjuseda) stunned grey baby slime (573) () with stunbaton</font>
[17:09:53]ATTACK: <font color='red'>Carina Sanroma (anjuseda) stunned grey baby slime (154) () with stunbaton</font>
[17:09:55]ATTACK: <font color='red'>Carina Sanroma (anjuseda) stunned grey baby slime (40) () with stunbaton</font>
[17:10:54]ATTACK: <font color='red'>Carina Sanroma (anjuseda) shot the grey baby slime (573) () with a the laser</font>
[17:10:54]ATTACK: <font color='red'>Carina Sanroma (anjuseda) shot the grey baby slime (573) () with a the laser</font>
[17:10:55]ATTACK: <font color='red'>Carina Sanroma (anjuseda) shot the grey baby slime (573) () with a the laser</font>
[17:10:56]ATTACK: <font color='red'>Carina Sanroma (anjuseda) shot the grey baby slime (573) () with a the laser</font>
[17:10:57]ATTACK: <font color='red'>Carina Sanroma (anjuseda) shot the grey baby slime (573) () with a the laser</font>
[17:10:58]ATTACK: <font color='red'>Carina Sanroma (anjuseda) shot the grey baby slime (573) () with a the laser</font>
[17:10:58]ATTACK: <font color='red'>Carina Sanroma (anjuseda) shot the grey baby slime (573) () with a the laser</font>
[17:11:00]ATTACK: <font color='red'>Carina Sanroma (anjuseda) shot the grey baby slime (573) () with a the laser</font>
[17:11:02]ATTACK: <font color='red'>Carina Sanroma (anjuseda) shot the monkey (611) () with a the laser</font>
[17:11:02]ATTACK: <font color='red'>Carina Sanroma (anjuseda) shot the grey baby slime (573) () with a the laser</font>
[17:11:04]ATTACK: <font color='red'>Carina Sanroma (anjuseda) shot the grey baby slime (573) () with a the laser</font>
[17:17:53]ATTACK: <font color='red'>space carp () was hit by the used slime extract, last touched by Carina Sanroma (anjuseda)</font>
[17:21:48]ATTACK: <font color='red'>Carina Sanroma (anjuseda) attacked grey baby slime (956) () with fire extinguisher (INTENT: GRAB) (DAMTYE: BRUTE)</font>
[17:31:49]ATTACK: <font color='red'>Carina Sanroma (anjuseda) attacked grey baby slime (866) () with laser gun (INTENT: GRAB) (DAMTYE: BRUTE)</font>
[17:31:51]ATTACK: <font color='red'>Carina Sanroma (anjuseda) shot the grey baby slime (979) () with a the laser</font>
[17:31:52]ATTACK: <font color='red'>Carina Sanroma (anjuseda) shot the grey baby slime (979) () with a the laser</font>
[17:31:52]ATTACK: <font color='red'>Carina Sanroma (anjuseda) shot the grey baby slime (979) () with a the laser</font>
[17:31:54]ATTACK: <font color='red'>Carina Sanroma (anjuseda) attacked grey baby slime (979) () with laser gun (INTENT: GRAB) (DAMTYE: BRUTE)</font>
[17:31:58]ATTACK: <font color='red'>Carina Sanroma (anjuseda) attacked grey baby slime (866) () with laser gun (INTENT: GRAB) (DAMTYE: BRUTE)</font>
[17:32:02]ATTACK: <font color='red'>Carina Sanroma (anjuseda) shot the grey baby slime (866) () with a the laser</font>
[17:32:02]ATTACK: <font color='red'>Carina Sanroma (anjuseda) shot the grey baby slime (979) () with a the laser</font>
[17:32:03]ATTACK: <font color='red'>Carina Sanroma (anjuseda) shot the grey baby slime (866) () with a the laser</font>
[17:32:04]ATTACK: <font color='red'>Carina Sanroma (anjuseda) shot the grey baby slime (866) () with a the laser</font>
[17:32:04]ATTACK: <font color='red'>Carina Sanroma (anjuseda) shot the grey baby slime (866) () with a the laser</font>
[17:32:05]ATTACK: <font color='red'>Carina Sanroma (anjuseda) shot the grey baby slime (866) () with a the laser</font>
[17:32:06]ATTACK: <font color='red'>Carina Sanroma (anjuseda) shot the grey baby slime (866) () with a the laser</font>
[17:32:06]ATTACK: <font color='red'>Carina Sanroma (anjuseda) shot the grey baby slime (866) () with a the laser</font>
[17:32:07]ATTACK: <font color='red'>Carina Sanroma (anjuseda) shot the grey baby slime (866) () with a the laser</font>
[17:32:15]ATTACK: <font color='red'>Carina Sanroma (anjuseda) shot the grey baby slime (866) () with a the laser</font>
[17:36:33]ATTACK: <font color='red'>Carina Sanroma (anjuseda) shot the grey baby slime (830) () with a syringegun (chloralhydrate (15),)</font>
[17:39:54]ATTACK: <font color='red'>space carp () was hit by the used slime extract, last touched by Carina Sanroma (anjuseda)</font>
[17:46:25]ATTACK: <font color='red'>Carina Sanroma (anjuseda) shot the grey baby slime (813) () with a the laser</font>
[17:46:25]ATTACK: <font color='red'>Carina Sanroma (anjuseda) shot the grey baby slime (813) () with a the laser</font>
[17:46:26]ATTACK: <font color='red'>Carina Sanroma (anjuseda) shot the grey baby slime (813) () with a the laser</font>
[17:46:26]ATTACK: <font color='red'>Carina Sanroma (anjuseda) shot the grey baby slime (813) () with a the laser</font>
[17:46:27]ATTACK: <font color='red'>Carina Sanroma (anjuseda) shot the grey baby slime (813) () with a the laser</font>
[17:46:28]ATTACK: <font color='red'>Carina Sanroma (anjuseda) shot the grey baby slime (813) () with a the laser</font>
[17:46:28]ATTACK: <font color='red'>Carina Sanroma (anjuseda) shot the grey baby slime (813) () with a the laser</font>
[17:46:29]ATTACK: <font color='red'>Carina Sanroma (anjuseda) shot the grey baby slime (813) () with a the laser</font>
[17:46:30]ATTACK: <font color='red'>Carina Sanroma (anjuseda) shot the grey baby slime (813) () with a the laser</font>
[17:46:31]ATTACK: <font color='red'>Carina Sanroma (anjuseda) shot the grey baby slime (813) () with a the laser</font>
[17:46:31]ATTACK: <font color='red'>Carina Sanroma (anjuseda) shot the grey baby slime (813) () with a the laser</font>
[17:47:23]ATTACK: <font color='red'>Carina Sanroma (anjuseda) shot the grey baby slime (893) () with a the laser</font>
[17:47:24]ATTACK: <font color='red'>Carina Sanroma (anjuseda) shot the grey baby slime (893) () with a the laser</font>
[17:47:24]ATTACK: <font color='red'>Carina Sanroma (anjuseda) shot the grey baby slime (893) () with a the laser</font>
[17:47:25]ATTACK: <font color='red'>Carina Sanroma (anjuseda) shot the grey baby slime (893) () with a the laser</font>
[17:47:25]ATTACK: <font color='red'>Carina Sanroma (anjuseda) shot the grey baby slime (893) () with a the laser</font>
[17:47:26]ATTACK: <font color='red'>Carina Sanroma (anjuseda) shot the grey baby slime (893) () with a the laser</font>
[17:47:26]ATTACK: <font color='red'>Carina Sanroma (anjuseda) shot the grey baby slime (893) () with a the laser</font>
[17:47:27]ATTACK: <font color='red'>Carina Sanroma (anjuseda) shot the grey baby slime (893) () with a the laser</font>
[17:47:27]ATTACK: <font color='red'>Carina Sanroma (anjuseda) shot the grey baby slime (893) () with a the laser</font>
[17:47:28]ATTACK: <font color='red'>Carina Sanroma (anjuseda) shot the grey baby slime (893) () with a the laser</font>
[17:47:37]ATTACK: <font color='red'>Carina Sanroma (anjuseda) attacked grey baby slime (893) () with laser gun (INTENT: GRAB) (DAMTYE: BRUTE)</font>
[17:47:40]ATTACK: <font color='red'>Carina Sanroma (anjuseda) shot the grey baby slime (893) () with a the laser</font>
[17:47:40]ATTACK: <font color='red'>Carina Sanroma (anjuseda) shot the grey baby slime (893) () with a the laser</font>
[17:47:41]ATTACK: <font color='red'>Carina Sanroma (anjuseda) shot the grey baby slime (813) () with a the laser</font>
[17:47:41]ATTACK: <font color='red'>Carina Sanroma (anjuseda) shot the grey baby slime (813) () with a the laser</font>
[17:47:42]ATTACK: <font color='red'>Carina Sanroma (anjuseda) shot the grey baby slime (813) () with a the laser</font>
[17:47:43]ATTACK: <font color='red'>Carina Sanroma (anjuseda) shot the grey baby slime (813) () with a the laser</font>
[17:47:43]ATTACK: <font color='red'>Carina Sanroma (anjuseda) shot the grey baby slime (813) () with a the laser</font>
[17:47:44]ATTACK: <font color='red'>Carina Sanroma (anjuseda) shot the grey baby slime (813) () with a the laser</font>
[17:47:44]ATTACK: <font color='red'>Carina Sanroma (anjuseda) shot the grey baby slime (813) () with a the laser</font>
[17:53:28]ATTACK: <font color='red'>space carp () was hit by the used slime extract, last touched by Carina Sanroma (anjuseda)</font>
[18:26:30]ATTACK: <font color='red'>Carina Sanroma (anjuseda) used the DNA injector (Hulk) to attempt to inject Carina Sanroma (anjuseda)</font>
[18:26:30]ATTACK: <font color='red'>Carina Sanroma (anjuseda) used the DNA injector (Hulk) to inject Carina Sanroma (anjuseda)</font>
[18:29:25]ATTACK: <font color='red'>Carina Sanroma (as Captain) (anjuseda) shot the giant spider () with a the electrode</font>
[18:29:34]ATTACK: <font color='red'>Carina Sanroma (as Captain) (anjuseda) shot the giant spider () with a the pulse</font>
[18:29:35]ATTACK: <font color='red'>Carina Sanroma (as Captain) (anjuseda) shot the giant spider () with a the pulse</font>
[18:29:35]ATTACK: <font color='red'>Carina Sanroma (as Captain) (anjuseda) shot the giant spider () with a the pulse</font>
[18:29:52]ATTACK: <font color='red'>Carina Sanroma (as Captain) (anjuseda) shot the giant spider () with a the pulse</font>
[18:29:52]ATTACK: <font color='red'>Carina Sanroma (as Captain) (anjuseda) shot the giant spider () with a the pulse</font>
[18:29:53]ATTACK: <font color='red'>Carina Sanroma (as Captain) (anjuseda) shot the giant spider () with a the pulse</font>
[18:30:01]ATTACK: <font color='red'>Carina Sanroma (as Captain) (anjuseda) shot the alien hunter () with a the pulse</font>
[18:30:02]ATTACK: <font color='red'>Carina Sanroma (as Captain) (anjuseda) shot the alien hunter () with a the pulse</font>
[18:30:02]ATTACK: <font color='red'>Carina Sanroma (as Captain) (anjuseda) shot the alien hunter () with a the pulse</font>
[18:30:03]ATTACK: <font color='red'>Carina Sanroma (as Captain) (anjuseda) shot the alien hunter () with a the pulse</font>
[18:36:42]ATTACK: <font color='red'>Carina Sanroma (anjuseda) shot the giant spider () with a the pulse</font>
[18:36:43]ATTACK: <font color='red'>Carina Sanroma (anjuseda) shot the giant spider () with a the pulse</font>
[18:38:24]ATTACK: <font color='red'>Carina Sanroma (anjuseda) used the DNA injector (Unique Identifier & Unique Enzymes) to attempt to inject Carina Sanroma (anjuseda)</font>
[18:38:24]ATTACK: <font color='red'>Carina Sanroma (anjuseda) used the DNA injector (Unique Identifier & Unique Enzymes) to inject Carina Sanroma (anjuseda)</font>
[18:46:06]ATTACK: <font color='red'>Carina Sanroma (anjuseda) was hit by the weedkiller grenade, last touched by Carina Sanroma (anjuseda)</font>
[18:54:41]ATTACK: <font color='red'>John 'Zon' Mitchell (zonr0) was hit by the grenade, last touched by Carina Sanroma (anjuseda)</font>
[18:56:05]ATTACK: <font color='red'>Carina Sanroma (anjuseda) used the DNA injector (Hulk) to attempt to inject Carina Sanroma (anjuseda)</font>
[18:56:05]ATTACK: <font color='red'>Carina Sanroma (anjuseda) used the DNA injector (Hulk) to inject Carina Sanroma (anjuseda)</font>
[18:57:00]ATTACK: <font color='red'>Carina Sanroma (anjuseda) used the DNA injector (Anti-Hulk) to attempt to inject Carina Sanroma (anjuseda)</font>
[18:57:00]ATTACK: <font color='red'>Carina Sanroma (anjuseda) used the DNA injector (Anti-Hulk) to inject Carina Sanroma (anjuseda)</font>
[18:57:06]ATTACK: <font color='red'>Carina Sanroma (anjuseda) shot the giant spider () with a the pulse</font>
[18:57:06]ATTACK: <font color='red'>Carina Sanroma (anjuseda) shot the giant spider () with a the pulse</font>
[18:57:12]ATTACK: <font color='red'>Carina Sanroma (anjuseda) shot the giant spider () with a the pulse</font>
[18:57:12]ATTACK: <font color='red'>Carina Sanroma (anjuseda) shot the giant spider () with a the pulse</font>
[18:57:13]ATTACK: <font color='red'>Carina Sanroma (anjuseda) shot the giant spider () with a the pulse</font>
[18:57:31]ATTACK: <font color='red'>Carina Sanroma (anjuseda) shot the giant spider () with a the pulse</font>
[19:01:36]ATTACK: <font color='red'>Carina Sanroma (anjuseda) shot the space carp () with a the pulse</font>
[19:01:37]ATTACK: <font color='red'>Carina Sanroma (anjuseda) shot the space carp () with a the pulse</font>
[19:01:39]ATTACK: <font color='red'>Carina Sanroma (anjuseda) shot the space carp () with a the pulse</font>
[19:01:40]ATTACK: <font color='red'>Carina Sanroma (anjuseda) shot the space carp () with a the pulse</font>
[19:01:40]ATTACK: <font color='red'>Carina Sanroma (anjuseda) shot the space carp () with a the pulse</font>


Starting up. 19:05.20
---------------------
[19:13:28]ATTACK: <font color='red'>Carina Sanroma (anjuseda) was hit by the plasma tank, last touched by Carina Sanroma (anjuseda)</font>
[19:44:55]ATTACK: <font color='red'>Carina Sanroma (anjuseda) shot the space carp () with a the laser</font>


Starting up. 19:58.46
---------------------
[20:51:44]ATTACK: <font color='red'>UNKNOWN shot Carina Sanroma (anjuseda) with a the projectile</font>
[20:51:48]ATTACK: <font color='red'>Carina Sanroma (anjuseda) shot the alien drone () with a the pulse</font>
[20:51:49]ATTACK: <font color='red'>UNKNOWN shot Beacon () with a the projectile</font>
[20:51:49]ATTACK: <font color='red'>Carina Sanroma (anjuseda) shot the creature () with a the pulse</font>
[20:51:50]ATTACK: <font color='red'>Carina Sanroma (anjuseda) shot the creature () with a the pulse</font>
[20:51:50]ATTACK: <font color='red'>Carina Sanroma (anjuseda) shot Beacon () with a the pulse</font>
[20:51:51]ATTACK: <font color='red'>Carina Sanroma (anjuseda) shot the alien sentinel () with a the pulse</font>
[20:51:51]ATTACK: <font color='red'>Carina Sanroma (anjuseda) shot the alien drone () with a the pulse</font>
[20:51:52]ATTACK: <font color='red'>Carina Sanroma (anjuseda) shot the alien drone () with a the pulse</font>
[20:51:52]ATTACK: <font color='red'>Carina Sanroma (anjuseda) shot Beacon () with a the pulse</font>
[20:52:47]ATTACK: <font color='red'>UNKNOWN shot Carina Sanroma (anjuseda) with a the projectile</font>
[20:52:53]ATTACK: <font color='red'>UNKNOWN shot Carina Sanroma (anjuseda) with a the projectile</font>
[20:53:32]ATTACK: <font color='red'>Kokuten Chiaki (as Captain) (kokuten) disarmed Carina Sanroma ()</font>
[20:57:02]ATTACK: <font color='red'>Carina Sanroma (anjuseda) used the DNA injector (Unique Identifier & Unique Enzymes) to attempt to inject Carina Sanroma (anjuseda)</font>
[20:57:02]ATTACK: <font color='red'>Carina Sanroma (anjuseda) used the DNA injector (Unique Identifier & Unique Enzymes) to inject Carina Sanroma (anjuseda)</font>
[20:57:52]ATTACK: <font color='red'>Carina Sanroma (anjuseda) shot Carina Sanroma () with a the pulse</font>
[20:57:52]ATTACK: <font color='red'>Carina Sanroma (anjuseda) shot Carina Sanroma () with a the pulse</font>
[20:57:53]ATTACK: <font color='red'>Carina Sanroma (anjuseda) shot Carina Sanroma () with a the pulse</font>
[20:57:55]ATTACK: <font color='red'>Carina Sanroma (anjuseda) shot Carina Sanroma () with a the pulse</font>
[21:04:11]ATTACK: <font color='red'>Carina Sanroma (anjuseda) shot the space bear () with a the pulse</font>
[21:04:11]ATTACK: <font color='red'>Carina Sanroma (anjuseda) shot the space bear () with a the pulse</font>
[21:04:12]ATTACK: <font color='red'>Carina Sanroma (anjuseda) shot the space bear () with a the pulse</font>
[21:05:11]ATTACK: <font color='red'>Kokuten Chiaki (as Captain) (kokuten) shot the space bear () with a the laser</font>
[21:05:52]ATTACK: <font color='red'>Kokuten Chiaki (as Captain) (kokuten) attacked Kokuten Chiaki (as Captain) (kokuten) with laser gun (INTENT: GRAB) (DAMTYE: BRUTE)</font>
[21:05:59]ATTACK: <font color='red'>Kokuten Chiaki (as Captain) (kokuten) attacked Kokuten Chiaki (as Captain) (kokuten) with laser gun (INTENT: GRAB) (DAMTYE: BRUTE)</font>
[21:08:56]ATTACK: <font color='red'>Captain (kokuten) implanted Captain (kokuten) with implanter-loyalty (INTENT: GRAB)</font>
[21:09:31]ATTACK: <font color='red'>Captain (kokuten) implanted Captain (kokuten) with implanter-loyalty (INTENT: GRAB)</font>
[21:11:21]ATTACK: <font color='red'>Kokuten Chiaki (kokuten) attacked Kokuten Chiaki (kokuten) with Dermal Armour Patch (INTENT: GRAB) (DAMTYE: BRUTE)</font>
[21:12:22]ATTACK: <font color='red'>UNKNOWN shot the viscerator () with a the projectile</font>
[21:12:30]ATTACK: <font color='red'>UNKNOWN shot the viscerator () with a the projectile</font>
[21:12:36]ATTACK: <font color='red'>UNKNOWN shot Carina Sanroma (anjuseda) with a the projectile</font>
[21:12:40]ATTACK: <font color='red'>UNKNOWN shot Carina Sanroma (anjuseda) with a the projectile</font>
[21:12:44]ATTACK: <font color='red'>UNKNOWN shot Carina Sanroma (anjuseda) with a the projectile</font>
[21:12:45]ATTACK: <font color='red'>Carina Sanroma (anjuseda) shot Strong Hivebot () with a the pulse</font>
[21:12:45]ATTACK: <font color='red'>Carina Sanroma (anjuseda) shot Strong Hivebot () with a the pulse</font>
[21:15:05]ATTACK: <font color='red'>Carina Sanroma (anjuseda) shot the viscerator () with a the pulse</font>
[21:15:07]ATTACK: <font color='red'>Carina Sanroma (anjuseda) shot the viscerator () with a the pulse</font>
[21:15:07]ATTACK: <font color='red'>Carina Sanroma (anjuseda) shot the viscerator () with a the pulse</font>
[21:15:26]ATTACK: <font color='red'>Carina Sanroma (anjuseda) shot the crate () with a the pulse</font>
[21:15:27]ATTACK: <font color='red'>Carina Sanroma (anjuseda) shot the crate () with a the pulse</font>
[21:15:32]ATTACK: <font color='red'>Carina Sanroma (anjuseda) shot the crate () with a the pulse</font>
[21:15:33]ATTACK: <font color='red'>Carina Sanroma (anjuseda) shot the crate () with a the pulse</font>
[21:15:33]ATTACK: <font color='red'>Carina Sanroma (anjuseda) shot Hudson () with a the pulse</font>
[21:15:34]ATTACK: <font color='red'>Carina Sanroma (anjuseda) shot Hudson () with a the pulse</font>
[21:15:37]ATTACK: <font color='red'>Carina Sanroma (anjuseda) shot the crate () with a the pulse</font>
[21:15:38]ATTACK: <font color='red'>Carina Sanroma (anjuseda) shot the crate () with a the pulse</font>
[21:15:38]ATTACK: <font color='red'>Carina Sanroma (anjuseda) shot the crate () with a the pulse</font>
[21:15:39]ATTACK: <font color='red'>Carina Sanroma (anjuseda) shot Hudson () with a the pulse</font>
[21:32:54]ATTACK: <font color='red'>UNKNOWN shot the goat () with a the projectile</font>
[21:32:59]ATTACK: <font color='red'>UNKNOWN shot the giant spider () with a the projectile</font>
[21:33:02]ATTACK: <font color='red'>UNKNOWN shot the giant spider () with a the projectile</font>
[21:33:06]ATTACK: <font color='red'>UNKNOWN shot the giant spider () with a the projectile</font>
[21:33:16]ATTACK: <font color='red'>Carina Sanroma (anjuseda) shot the alien sentinel () with a the pulse</font>
[21:33:24]ATTACK: <font color='red'>UNKNOWN shot the giant spider () with a the projectile</font>
[21:33:27]ATTACK: <font color='red'>UNKNOWN shot the viscerator () with a the projectile</font>
[21:33:31]ATTACK: <font color='red'>UNKNOWN shot the giant spider () with a the projectile</font>
[21:33:35]ATTACK: <font color='red'>UNKNOWN shot the giant spider () with a the projectile</font>
[21:41:54]ATTACK: <font color='red'>UNKNOWN shot Carina Sanroma (anjuseda) with a the electrode</font>
[21:42:15]ATTACK: <font color='red'>UNKNOWN shot Carina Sanroma (anjuseda) with a the electrode</font>
[21:42:27]ATTACK: <font color='red'>UNKNOWN shot Carina Sanroma (anjuseda) with a the electrode</font>


Starting up. 22:37.01
---------------------
[22:47:51]ATTACK: <font color='red'>Carina Sanroma (anjuseda) attacked monkey (408) () with wizards staff (INTENT: HELP) (DAMTYE: BRUTE)</font>
[23:05:19]ATTACK: <font color='red'>Diana Metzer (anjuseda) attacked monkey (408) () with wizards staff (INTENT: HELP) (DAMTYE: BRUTE)</font>


Starting up. 23:17.34
---------------------


Starting up. 23:19.48
---------------------
[15:01:52]ATTACK: <font color='red'>Security Cyborg-873 (anjuseda) shot the space carp () with a the electrode</font>
[15:01:53]ATTACK: <font color='red'>Security Cyborg-873 (anjuseda) shot the space carp () with a the electrode</font>
[15:01:53]ATTACK: <font color='red'>Security Cyborg-873 (anjuseda) shot the space carp () with a the electrode</font>
[15:01:55]ATTACK: <font color='red'>Security Cyborg-873 (anjuseda) shot the space carp () with a the electrode</font>
[15:08:44]ATTACK: <font color='red'>Engineering Cyborg-531 (anjuseda) shot the space carp () with a the bullet</font>
[15:20:47]ATTACK: <font color='red'>Engineering Cyborg-257 (anjuseda) attacked Engineering Cyborg-257 (anjuseda) with screwdriver (INTENT: HELP) (DAMTYE: BRUTE)</font>
[15:31:19]ATTACK: <font color='red'>Janitor Cyborg-997 (anjuseda) shot the space carp () with a the pulse</font>
[15:31:20]ATTACK: <font color='red'>Janitor Cyborg-997 (anjuseda) shot the space carp () with a the pulse</font>
[15:31:20]ATTACK: <font color='red'>Janitor Cyborg-997 (anjuseda) shot the space carp () with a the pulse</font>
[15:31:24]ATTACK: <font color='red'>Janitor Cyborg-997 (anjuseda) shot the space carp () with a the pulse</font>
[15:31:25]ATTACK: <font color='red'>Janitor Cyborg-997 (anjuseda) shot the space carp () with a the pulse</font>
[15:31:36]ATTACK: <font color='red'>Janitor Cyborg-997 (anjuseda) shot the space carp () with a the pulse</font>
[15:31:36]ATTACK: <font color='red'>Janitor Cyborg-997 (anjuseda) shot the space carp () with a the pulse</font>
[15:32:14]ATTACK: <font color='red'>Janitor Cyborg-997 (anjuseda) shot Pun Pun () with a the pulse</font>
[15:32:33]ATTACK: <font color='red'>Janitor Cyborg-997 (anjuseda) shot Pete () with a the bullet</font>
[15:32:35]ATTACK: <font color='red'>Janitor Cyborg-997 (anjuseda) shot Pete () with a the bullet</font>
